Determining if the function __android_log_print exists in the log failed with the following output:
Change Dir: /home/smallville7123/AndroidCompositor/app/src/main/jni/GLIS/release_BUILD/CMakeFiles/CMakeTmp

Run Build Command(s):/usr/bin/make cmTC_6f63b/fast && make[1]: Entering directory '/home/smallville7123/AndroidCompositor/app/src/main/jni/GLIS/release_BUILD/CMakeFiles/CMakeTmp'
/usr/bin/make -f CMakeFiles/cmTC_6f63b.dir/build.make CMakeFiles/cmTC_6f63b.dir/build
make[2]: Entering directory '/home/smallville7123/AndroidCompositor/app/src/main/jni/GLIS/release_BUILD/CMakeFiles/CMakeTmp'
Building C object CMakeFiles/cmTC_6f63b.dir/CheckFunctionExists.c.o
/usr/bin/cc   -DCHECK_FUNCTION_EXISTS=__android_log_print   -o CMakeFiles/cmTC_6f63b.dir/CheckFunctionExists.c.o   -c /usr/share/cmake-3.16/Modules/CheckFunctionExists.c
Linking C executable cmTC_6f63b
/usr/bin/cmake -E cmake_link_script CMakeFiles/cmTC_6f63b.dir/link.txt --verbose=1
/usr/bin/cc  -DCHECK_FUNCTION_EXISTS=__android_log_print    -rdynamic CMakeFiles/cmTC_6f63b.dir/CheckFunctionExists.c.o  -o cmTC_6f63b  -llog -latomic 
/usr/bin/ld: cannot find -llog
collect2: error: ld returned 1 exit status
make[2]: *** [CMakeFiles/cmTC_6f63b.dir/build.make:87: cmTC_6f63b] Error 1
make[2]: Leaving directory '/home/smallville7123/AndroidCompositor/app/src/main/jni/GLIS/release_BUILD/CMakeFiles/CMakeTmp'
make[1]: *** [Makefile:121: cmTC_6f63b/fast] Error 2
make[1]: Leaving directory '/home/smallville7123/AndroidCompositor/app/src/main/jni/GLIS/release_BUILD/CMakeFiles/CMakeTmp'



Performing C SOURCE FILE Test HAVE_MFPU_NEON_SWITCH failed with the following output:
Change Dir: /home/smallville7123/AndroidCompositor/app/src/main/jni/GLIS/release_BUILD/CMakeFiles/CMakeTmp

Run Build Command(s):/usr/bin/make cmTC_17186/fast && make[1]: Entering directory '/home/smallville7123/AndroidCompositor/app/src/main/jni/GLIS/release_BUILD/CMakeFiles/CMakeTmp'
/usr/bin/make -f CMakeFiles/cmTC_17186.dir/build.make CMakeFiles/cmTC_17186.dir/build
make[2]: Entering directory '/home/smallville7123/AndroidCompositor/app/src/main/jni/GLIS/release_BUILD/CMakeFiles/CMakeTmp'
Building C object CMakeFiles/cmTC_17186.dir/src.c.o
/usr/bin/cc   -DHAVE_MFPU_NEON_SWITCH  -Werror   -mfpu=neon -o CMakeFiles/cmTC_17186.dir/src.c.o   -c /home/smallville7123/AndroidCompositor/app/src/main/jni/GLIS/release_BUILD/CMakeFiles/CMakeTmp/src.c
cc: error: unrecognized command line option '-mfpu=neon'
make[2]: *** [CMakeFiles/cmTC_17186.dir/build.make:66: CMakeFiles/cmTC_17186.dir/src.c.o] Error 1
make[2]: Leaving directory '/home/smallville7123/AndroidCompositor/app/src/main/jni/GLIS/release_BUILD/CMakeFiles/CMakeTmp'
make[1]: *** [Makefile:121: cmTC_17186/fast] Error 2
make[1]: Leaving directory '/home/smallville7123/AndroidCompositor/app/src/main/jni/GLIS/release_BUILD/CMakeFiles/CMakeTmp'


Source file was:
int main(void) { return 0; }
Determining if the include file arm_neon.h exists failed with the following output:
Change Dir: /home/smallville7123/AndroidCompositor/app/src/main/jni/GLIS/release_BUILD/CMakeFiles/CMakeTmp

Run Build Command(s):/usr/bin/make cmTC_c7a5a/fast && make[1]: Entering directory '/home/smallville7123/AndroidCompositor/app/src/main/jni/GLIS/release_BUILD/CMakeFiles/CMakeTmp'
/usr/bin/make -f CMakeFiles/cmTC_c7a5a.dir/build.make CMakeFiles/cmTC_c7a5a.dir/build
make[2]: Entering directory '/home/smallville7123/AndroidCompositor/app/src/main/jni/GLIS/release_BUILD/CMakeFiles/CMakeTmp'
Building C object CMakeFiles/cmTC_c7a5a.dir/CheckIncludeFile.c.o
/usr/bin/cc    -o CMakeFiles/cmTC_c7a5a.dir/CheckIncludeFile.c.o   -c /home/smallville7123/AndroidCompositor/app/src/main/jni/GLIS/release_BUILD/CMakeFiles/CMakeTmp/CheckIncludeFile.c
/home/smallville7123/AndroidCompositor/app/src/main/jni/GLIS/release_BUILD/CMakeFiles/CMakeTmp/CheckIncludeFile.c:1:10: fatal error: arm_neon.h: No such file or directory
    1 | #include <arm_neon.h>
      |          ^~~~~~~~~~~~
compilation terminated.
make[2]: *** [CMakeFiles/cmTC_c7a5a.dir/build.make:66: CMakeFiles/cmTC_c7a5a.dir/CheckIncludeFile.c.o] Error 1
make[2]: Leaving directory '/home/smallville7123/AndroidCompositor/app/src/main/jni/GLIS/release_BUILD/CMakeFiles/CMakeTmp'
make[1]: *** [Makefile:121: cmTC_c7a5a/fast] Error 2
make[1]: Leaving directory '/home/smallville7123/AndroidCompositor/app/src/main/jni/GLIS/release_BUILD/CMakeFiles/CMakeTmp'



Determining if the include file intrin.h exists failed with the following output:
Change Dir: /home/smallville7123/AndroidCompositor/app/src/main/jni/GLIS/release_BUILD/CMakeFiles/CMakeTmp

Run Build Command(s):/usr/bin/make cmTC_caf8c/fast && make[1]: Entering directory '/home/smallville7123/AndroidCompositor/app/src/main/jni/GLIS/release_BUILD/CMakeFiles/CMakeTmp'
/usr/bin/make -f CMakeFiles/cmTC_caf8c.dir/build.make CMakeFiles/cmTC_caf8c.dir/build
make[2]: Entering directory '/home/smallville7123/AndroidCompositor/app/src/main/jni/GLIS/release_BUILD/CMakeFiles/CMakeTmp'
Building C object CMakeFiles/cmTC_caf8c.dir/CheckIncludeFile.c.o
/usr/bin/cc    -o CMakeFiles/cmTC_caf8c.dir/CheckIncludeFile.c.o   -c /home/smallville7123/AndroidCompositor/app/src/main/jni/GLIS/release_BUILD/CMakeFiles/CMakeTmp/CheckIncludeFile.c
/home/smallville7123/AndroidCompositor/app/src/main/jni/GLIS/release_BUILD/CMakeFiles/CMakeTmp/CheckIncludeFile.c:1:10: fatal error: intrin.h: No such file or directory
    1 | #include <intrin.h>
      |          ^~~~~~~~~~
compilation terminated.
make[2]: *** [CMakeFiles/cmTC_caf8c.dir/build.make:66: CMakeFiles/cmTC_caf8c.dir/CheckIncludeFile.c.o] Error 1
make[2]: Leaving directory '/home/smallville7123/AndroidCompositor/app/src/main/jni/GLIS/release_BUILD/CMakeFiles/CMakeTmp'
make[1]: *** [Makefile:121: cmTC_caf8c/fast] Error 2
make[1]: Leaving directory '/home/smallville7123/AndroidCompositor/app/src/main/jni/GLIS/release_BUILD/CMakeFiles/CMakeTmp'



Determining if the include file guiddef.h exists failed with the following output:
Change Dir: /home/smallville7123/AndroidCompositor/app/src/main/jni/GLIS/release_BUILD/CMakeFiles/CMakeTmp

Run Build Command(s):/usr/bin/make cmTC_3ec34/fast && make[1]: Entering directory '/home/smallville7123/AndroidCompositor/app/src/main/jni/GLIS/release_BUILD/CMakeFiles/CMakeTmp'
/usr/bin/make -f CMakeFiles/cmTC_3ec34.dir/build.make CMakeFiles/cmTC_3ec34.dir/build
make[2]: Entering directory '/home/smallville7123/AndroidCompositor/app/src/main/jni/GLIS/release_BUILD/CMakeFiles/CMakeTmp'
Building C object CMakeFiles/cmTC_3ec34.dir/CheckIncludeFile.c.o
/usr/bin/cc    -o CMakeFiles/cmTC_3ec34.dir/CheckIncludeFile.c.o   -c /home/smallville7123/AndroidCompositor/app/src/main/jni/GLIS/release_BUILD/CMakeFiles/CMakeTmp/CheckIncludeFile.c
/home/smallville7123/AndroidCompositor/app/src/main/jni/GLIS/release_BUILD/CMakeFiles/CMakeTmp/CheckIncludeFile.c:1:10: fatal error: guiddef.h: No such file or directory
    1 | #include <guiddef.h>
      |          ^~~~~~~~~~~
compilation terminated.
make[2]: *** [CMakeFiles/cmTC_3ec34.dir/build.make:66: CMakeFiles/cmTC_3ec34.dir/CheckIncludeFile.c.o] Error 1
make[2]: Leaving directory '/home/smallville7123/AndroidCompositor/app/src/main/jni/GLIS/release_BUILD/CMakeFiles/CMakeTmp'
make[1]: *** [Makefile:121: cmTC_3ec34/fast] Error 2
make[1]: Leaving directory '/home/smallville7123/AndroidCompositor/app/src/main/jni/GLIS/release_BUILD/CMakeFiles/CMakeTmp'



Determining if the include file initguid.h exists failed with the following output:
Change Dir: /home/smallville7123/AndroidCompositor/app/src/main/jni/GLIS/release_BUILD/CMakeFiles/CMakeTmp

Run Build Command(s):/usr/bin/make cmTC_997bb/fast && make[1]: Entering directory '/home/smallville7123/AndroidCompositor/app/src/main/jni/GLIS/release_BUILD/CMakeFiles/CMakeTmp'
/usr/bin/make -f CMakeFiles/cmTC_997bb.dir/build.make CMakeFiles/cmTC_997bb.dir/build
make[2]: Entering directory '/home/smallville7123/AndroidCompositor/app/src/main/jni/GLIS/release_BUILD/CMakeFiles/CMakeTmp'
Building C object CMakeFiles/cmTC_997bb.dir/CheckIncludeFile.c.o
/usr/bin/cc    -o CMakeFiles/cmTC_997bb.dir/CheckIncludeFile.c.o   -c /home/smallville7123/AndroidCompositor/app/src/main/jni/GLIS/release_BUILD/CMakeFiles/CMakeTmp/CheckIncludeFile.c
/home/smallville7123/AndroidCompositor/app/src/main/jni/GLIS/release_BUILD/CMakeFiles/CMakeTmp/CheckIncludeFile.c:1:10: fatal error: initguid.h: No such file or directory
    1 | #include <initguid.h>
      |          ^~~~~~~~~~~~
compilation terminated.
make[2]: *** [CMakeFiles/cmTC_997bb.dir/build.make:66: CMakeFiles/cmTC_997bb.dir/CheckIncludeFile.c.o] Error 1
make[2]: Leaving directory '/home/smallville7123/AndroidCompositor/app/src/main/jni/GLIS/release_BUILD/CMakeFiles/CMakeTmp'
make[1]: *** [Makefile:121: cmTC_997bb/fast] Error 2
make[1]: Leaving directory '/home/smallville7123/AndroidCompositor/app/src/main/jni/GLIS/release_BUILD/CMakeFiles/CMakeTmp'



Performing C++ SOURCE FILE Test HAVE_STD_ALIGNED_ALLOC failed with the following output:
Change Dir: /home/smallville7123/AndroidCompositor/app/src/main/jni/GLIS/release_BUILD/CMakeFiles/CMakeTmp

Run Build Command(s):/usr/bin/make cmTC_fc039/fast && make[1]: Entering directory '/home/smallville7123/AndroidCompositor/app/src/main/jni/GLIS/release_BUILD/CMakeFiles/CMakeTmp'
/usr/bin/make -f CMakeFiles/cmTC_fc039.dir/build.make CMakeFiles/cmTC_fc039.dir/build
make[2]: Entering directory '/home/smallville7123/AndroidCompositor/app/src/main/jni/GLIS/release_BUILD/CMakeFiles/CMakeTmp'
Building CXX object CMakeFiles/cmTC_fc039.dir/src.cxx.o
/usr/bin/c++    -DHAVE_STD_ALIGNED_ALLOC   -o CMakeFiles/cmTC_fc039.dir/src.cxx.o -c /home/smallville7123/AndroidCompositor/app/src/main/jni/GLIS/release_BUILD/CMakeFiles/CMakeTmp/src.cxx
/home/smallville7123/AndroidCompositor/app/src/main/jni/GLIS/release_BUILD/CMakeFiles/CMakeTmp/src.cxx: In function ‘int main()’:
/home/smallville7123/AndroidCompositor/app/src/main/jni/GLIS/release_BUILD/CMakeFiles/CMakeTmp/src.cxx:4:20: error: ‘aligned_alloc’ is not a member of ‘std’; did you mean ‘aligned_alloc’?
    4 |     void *ptr{std::aligned_alloc(alignof(int), sizeof(int))};
      |                    ^~~~~~~~~~~~~
In file included from /usr/include/c++/9/cstdlib:75,
                 from /home/smallville7123/AndroidCompositor/app/src/main/jni/GLIS/release_BUILD/CMakeFiles/CMakeTmp/src.cxx:1:
/usr/include/stdlib.h:586:14: note: ‘aligned_alloc’ declared here
  586 | extern void *aligned_alloc (size_t __alignment, size_t __size)
      |              ^~~~~~~~~~~~~
make[2]: *** [CMakeFiles/cmTC_fc039.dir/build.make:66: CMakeFiles/cmTC_fc039.dir/src.cxx.o] Error 1
make[2]: Leaving directory '/home/smallville7123/AndroidCompositor/app/src/main/jni/GLIS/release_BUILD/CMakeFiles/CMakeTmp'
make[1]: *** [Makefile:121: cmTC_fc039/fast] Error 2
make[1]: Leaving directory '/home/smallville7123/AndroidCompositor/app/src/main/jni/GLIS/release_BUILD/CMakeFiles/CMakeTmp'


Source file was:
#include <cstdlib>
int main()
{
    void *ptr{std::aligned_alloc(alignof(int), sizeof(int))};
    std::free(ptr);
    return 0;
}
Determining if the _aligned_malloc exist failed with the following output:
Change Dir: /home/smallville7123/AndroidCompositor/app/src/main/jni/GLIS/release_BUILD/CMakeFiles/CMakeTmp

Run Build Command(s):/usr/bin/make cmTC_2972f/fast && make[1]: Entering directory '/home/smallville7123/AndroidCompositor/app/src/main/jni/GLIS/release_BUILD/CMakeFiles/CMakeTmp'
/usr/bin/make -f CMakeFiles/cmTC_2972f.dir/build.make CMakeFiles/cmTC_2972f.dir/build
make[2]: Entering directory '/home/smallville7123/AndroidCompositor/app/src/main/jni/GLIS/release_BUILD/CMakeFiles/CMakeTmp'
Building C object CMakeFiles/cmTC_2972f.dir/CheckSymbolExists.c.o
/usr/bin/cc    -o CMakeFiles/cmTC_2972f.dir/CheckSymbolExists.c.o   -c /home/smallville7123/AndroidCompositor/app/src/main/jni/GLIS/release_BUILD/CMakeFiles/CMakeTmp/CheckSymbolExists.c
/home/smallville7123/AndroidCompositor/app/src/main/jni/GLIS/release_BUILD/CMakeFiles/CMakeTmp/CheckSymbolExists.c: In function ‘main’:
/home/smallville7123/AndroidCompositor/app/src/main/jni/GLIS/release_BUILD/CMakeFiles/CMakeTmp/CheckSymbolExists.c:8:19: error: ‘_aligned_malloc’ undeclared (first use in this function)
    8 |   return ((int*)(&_aligned_malloc))[argc];
      |                   ^~~~~~~~~~~~~~~
/home/smallville7123/AndroidCompositor/app/src/main/jni/GLIS/release_BUILD/CMakeFiles/CMakeTmp/CheckSymbolExists.c:8:19: note: each undeclared identifier is reported only once for each function it appears in
make[2]: *** [CMakeFiles/cmTC_2972f.dir/build.make:66: CMakeFiles/cmTC_2972f.dir/CheckSymbolExists.c.o] Error 1
make[2]: Leaving directory '/home/smallville7123/AndroidCompositor/app/src/main/jni/GLIS/release_BUILD/CMakeFiles/CMakeTmp'
make[1]: *** [Makefile:121: cmTC_2972f/fast] Error 2
make[1]: Leaving directory '/home/smallville7123/AndroidCompositor/app/src/main/jni/GLIS/release_BUILD/CMakeFiles/CMakeTmp'


File /home/smallville7123/AndroidCompositor/app/src/main/jni/GLIS/release_BUILD/CMakeFiles/CMakeTmp/CheckSymbolExists.c:
/* */
#include <malloc.h>

int main(int argc, char** argv)
{
  (void)argv;
#ifndef _aligned_malloc
  return ((int*)(&_aligned_malloc))[argc];
#else
  (void)argc;
  return 0;
#endif
}
Determining if the proc_pidpath exist failed with the following output:
Change Dir: /home/smallville7123/AndroidCompositor/app/src/main/jni/GLIS/release_BUILD/CMakeFiles/CMakeTmp

Run Build Command(s):/usr/bin/make cmTC_a074a/fast && make[1]: Entering directory '/home/smallville7123/AndroidCompositor/app/src/main/jni/GLIS/release_BUILD/CMakeFiles/CMakeTmp'
/usr/bin/make -f CMakeFiles/cmTC_a074a.dir/build.make CMakeFiles/cmTC_a074a.dir/build
make[2]: Entering directory '/home/smallville7123/AndroidCompositor/app/src/main/jni/GLIS/release_BUILD/CMakeFiles/CMakeTmp'
Building C object CMakeFiles/cmTC_a074a.dir/CheckSymbolExists.c.o
/usr/bin/cc    -o CMakeFiles/cmTC_a074a.dir/CheckSymbolExists.c.o   -c /home/smallville7123/AndroidCompositor/app/src/main/jni/GLIS/release_BUILD/CMakeFiles/CMakeTmp/CheckSymbolExists.c
/home/smallville7123/AndroidCompositor/app/src/main/jni/GLIS/release_BUILD/CMakeFiles/CMakeTmp/CheckSymbolExists.c:2:10: fatal error: libproc.h: No such file or directory
    2 | #include <libproc.h>
      |          ^~~~~~~~~~~
compilation terminated.
make[2]: *** [CMakeFiles/cmTC_a074a.dir/build.make:66: CMakeFiles/cmTC_a074a.dir/CheckSymbolExists.c.o] Error 1
make[2]: Leaving directory '/home/smallville7123/AndroidCompositor/app/src/main/jni/GLIS/release_BUILD/CMakeFiles/CMakeTmp'
make[1]: *** [Makefile:121: cmTC_a074a/fast] Error 2
make[1]: Leaving directory '/home/smallville7123/AndroidCompositor/app/src/main/jni/GLIS/release_BUILD/CMakeFiles/CMakeTmp'


File /home/smallville7123/AndroidCompositor/app/src/main/jni/GLIS/release_BUILD/CMakeFiles/CMakeTmp/CheckSymbolExists.c:
/* */
#include <libproc.h>

int main(int argc, char** argv)
{
  (void)argv;
#ifndef proc_pidpath
  return ((int*)(&proc_pidpath))[argc];
#else
  (void)argc;
  return 0;
#endif
}
Determining if files pthread.h;pthread_np.h exist failed with the following output:
Change Dir: /home/smallville7123/AndroidCompositor/app/src/main/jni/GLIS/release_BUILD/CMakeFiles/CMakeTmp

Run Build Command(s):/usr/bin/make cmTC_9e4ab/fast && make[1]: Entering directory '/home/smallville7123/AndroidCompositor/app/src/main/jni/GLIS/release_BUILD/CMakeFiles/CMakeTmp'
/usr/bin/make -f CMakeFiles/cmTC_9e4ab.dir/build.make CMakeFiles/cmTC_9e4ab.dir/build
make[2]: Entering directory '/home/smallville7123/AndroidCompositor/app/src/main/jni/GLIS/release_BUILD/CMakeFiles/CMakeTmp'
Building C object CMakeFiles/cmTC_9e4ab.dir/HAVE_PTHREAD_NP_H.c.o
/usr/bin/cc   -pthread   -o CMakeFiles/cmTC_9e4ab.dir/HAVE_PTHREAD_NP_H.c.o   -c /home/smallville7123/AndroidCompositor/app/src/main/jni/GLIS/release_BUILD/CMakeFiles/CheckIncludeFiles/HAVE_PTHREAD_NP_H.c
/home/smallville7123/AndroidCompositor/app/src/main/jni/GLIS/release_BUILD/CMakeFiles/CheckIncludeFiles/HAVE_PTHREAD_NP_H.c:3:10: fatal error: pthread_np.h: No such file or directory
    3 | #include <pthread_np.h>
      |          ^~~~~~~~~~~~~~
compilation terminated.
make[2]: *** [CMakeFiles/cmTC_9e4ab.dir/build.make:66: CMakeFiles/cmTC_9e4ab.dir/HAVE_PTHREAD_NP_H.c.o] Error 1
make[2]: Leaving directory '/home/smallville7123/AndroidCompositor/app/src/main/jni/GLIS/release_BUILD/CMakeFiles/CMakeTmp'
make[1]: *** [Makefile:121: cmTC_9e4ab/fast] Error 2
make[1]: Leaving directory '/home/smallville7123/AndroidCompositor/app/src/main/jni/GLIS/release_BUILD/CMakeFiles/CMakeTmp'


Source:
/* */
#include <pthread.h>
#include <pthread_np.h>


int main(void){return 0;}

Determining if the pthread_setname_np exist failed with the following output:
Change Dir: /home/smallville7123/AndroidCompositor/app/src/main/jni/GLIS/release_BUILD/CMakeFiles/CMakeTmp

Run Build Command(s):/usr/bin/make cmTC_5b695/fast && make[1]: Entering directory '/home/smallville7123/AndroidCompositor/app/src/main/jni/GLIS/release_BUILD/CMakeFiles/CMakeTmp'
/usr/bin/make -f CMakeFiles/cmTC_5b695.dir/build.make CMakeFiles/cmTC_5b695.dir/build
make[2]: Entering directory '/home/smallville7123/AndroidCompositor/app/src/main/jni/GLIS/release_BUILD/CMakeFiles/CMakeTmp'
Building C object CMakeFiles/cmTC_5b695.dir/CheckSymbolExists.c.o
/usr/bin/cc   -pthread   -o CMakeFiles/cmTC_5b695.dir/CheckSymbolExists.c.o   -c /home/smallville7123/AndroidCompositor/app/src/main/jni/GLIS/release_BUILD/CMakeFiles/CMakeTmp/CheckSymbolExists.c
/home/smallville7123/AndroidCompositor/app/src/main/jni/GLIS/release_BUILD/CMakeFiles/CMakeTmp/CheckSymbolExists.c: In function ‘main’:
/home/smallville7123/AndroidCompositor/app/src/main/jni/GLIS/release_BUILD/CMakeFiles/CMakeTmp/CheckSymbolExists.c:8:19: error: ‘pthread_setname_np’ undeclared (first use in this function); did you mean ‘pthread_setcanceltype’?
    8 |   return ((int*)(&pthread_setname_np))[argc];
      |                   ^~~~~~~~~~~~~~~~~~
      |                   pthread_setcanceltype
/home/smallville7123/AndroidCompositor/app/src/main/jni/GLIS/release_BUILD/CMakeFiles/CMakeTmp/CheckSymbolExists.c:8:19: note: each undeclared identifier is reported only once for each function it appears in
make[2]: *** [CMakeFiles/cmTC_5b695.dir/build.make:66: CMakeFiles/cmTC_5b695.dir/CheckSymbolExists.c.o] Error 1
make[2]: Leaving directory '/home/smallville7123/AndroidCompositor/app/src/main/jni/GLIS/release_BUILD/CMakeFiles/CMakeTmp'
make[1]: *** [Makefile:121: cmTC_5b695/fast] Error 2
make[1]: Leaving directory '/home/smallville7123/AndroidCompositor/app/src/main/jni/GLIS/release_BUILD/CMakeFiles/CMakeTmp'


File /home/smallville7123/AndroidCompositor/app/src/main/jni/GLIS/release_BUILD/CMakeFiles/CMakeTmp/CheckSymbolExists.c:
/* */
#include <pthread.h>

int main(int argc, char** argv)
{
  (void)argv;
#ifndef pthread_setname_np
  return ((int*)(&pthread_setname_np))[argc];
#else
  (void)argc;
  return 0;
#endif
}
Determining if the pthread_set_name_np exist failed with the following output:
Change Dir: /home/smallville7123/AndroidCompositor/app/src/main/jni/GLIS/release_BUILD/CMakeFiles/CMakeTmp

Run Build Command(s):/usr/bin/make cmTC_5663d/fast && make[1]: Entering directory '/home/smallville7123/AndroidCompositor/app/src/main/jni/GLIS/release_BUILD/CMakeFiles/CMakeTmp'
/usr/bin/make -f CMakeFiles/cmTC_5663d.dir/build.make CMakeFiles/cmTC_5663d.dir/build
make[2]: Entering directory '/home/smallville7123/AndroidCompositor/app/src/main/jni/GLIS/release_BUILD/CMakeFiles/CMakeTmp'
Building C object CMakeFiles/cmTC_5663d.dir/CheckSymbolExists.c.o
/usr/bin/cc   -pthread   -o CMakeFiles/cmTC_5663d.dir/CheckSymbolExists.c.o   -c /home/smallville7123/AndroidCompositor/app/src/main/jni/GLIS/release_BUILD/CMakeFiles/CMakeTmp/CheckSymbolExists.c
/home/smallville7123/AndroidCompositor/app/src/main/jni/GLIS/release_BUILD/CMakeFiles/CMakeTmp/CheckSymbolExists.c: In function ‘main’:
/home/smallville7123/AndroidCompositor/app/src/main/jni/GLIS/release_BUILD/CMakeFiles/CMakeTmp/CheckSymbolExists.c:8:19: error: ‘pthread_set_name_np’ undeclared (first use in this function); did you mean ‘pthread_setcanceltype’?
    8 |   return ((int*)(&pthread_set_name_np))[argc];
      |                   ^~~~~~~~~~~~~~~~~~~
      |                   pthread_setcanceltype
/home/smallville7123/AndroidCompositor/app/src/main/jni/GLIS/release_BUILD/CMakeFiles/CMakeTmp/CheckSymbolExists.c:8:19: note: each undeclared identifier is reported only once for each function it appears in
make[2]: *** [CMakeFiles/cmTC_5663d.dir/build.make:66: CMakeFiles/cmTC_5663d.dir/CheckSymbolExists.c.o] Error 1
make[2]: Leaving directory '/home/smallville7123/AndroidCompositor/app/src/main/jni/GLIS/release_BUILD/CMakeFiles/CMakeTmp'
make[1]: *** [Makefile:121: cmTC_5663d/fast] Error 2
make[1]: Leaving directory '/home/smallville7123/AndroidCompositor/app/src/main/jni/GLIS/release_BUILD/CMakeFiles/CMakeTmp'


File /home/smallville7123/AndroidCompositor/app/src/main/jni/GLIS/release_BUILD/CMakeFiles/CMakeTmp/CheckSymbolExists.c:
/* */
#include <pthread.h>

int main(int argc, char** argv)
{
  (void)argv;
#ifndef pthread_set_name_np
  return ((int*)(&pthread_set_name_np))[argc];
#else
  (void)argc;
  return 0;
#endif
}
