Performing C SOURCE FILE Test CMAKE_HAVE_LIBC_PTHREAD failed with the following output:
Change Dir: /home/smallville7123/AndroidCompositor/app/src/main/jni/GLIS/dependancies/pipeline/debug_BUILD/CMakeFiles/CMakeTmp

Run Build Command(s):/usr/bin/make cmTC_0c63e/fast && make[2]: Entering directory '/home/smallville7123/AndroidCompositor/app/src/main/jni/GLIS/dependancies/pipeline/debug_BUILD/CMakeFiles/CMakeTmp'
/usr/bin/make -f CMakeFiles/cmTC_0c63e.dir/build.make CMakeFiles/cmTC_0c63e.dir/build
make[3]: Entering directory '/home/smallville7123/AndroidCompositor/app/src/main/jni/GLIS/dependancies/pipeline/debug_BUILD/CMakeFiles/CMakeTmp'
Building C object CMakeFiles/cmTC_0c63e.dir/src.c.o
/usr/bin/cc   -DCMAKE_HAVE_LIBC_PTHREAD   -o CMakeFiles/cmTC_0c63e.dir/src.c.o   -c /home/smallville7123/AndroidCompositor/app/src/main/jni/GLIS/dependancies/pipeline/debug_BUILD/CMakeFiles/CMakeTmp/src.c
Linking C executable cmTC_0c63e
/usr/bin/cmake -E cmake_link_script CMakeFiles/cmTC_0c63e.dir/link.txt --verbose=1
/usr/bin/cc  -DCMAKE_HAVE_LIBC_PTHREAD    -rdynamic CMakeFiles/cmTC_0c63e.dir/src.c.o  -o cmTC_0c63e 
/usr/bin/ld: CMakeFiles/cmTC_0c63e.dir/src.c.o: in function `main':
src.c:(.text+0x46): undefined reference to `pthread_create'
/usr/bin/ld: src.c:(.text+0x52): undefined reference to `pthread_detach'
/usr/bin/ld: src.c:(.text+0x63): undefined reference to `pthread_join'
collect2: error: ld returned 1 exit status
make[3]: *** [CMakeFiles/cmTC_0c63e.dir/build.make:87: cmTC_0c63e] Error 1
make[3]: Leaving directory '/home/smallville7123/AndroidCompositor/app/src/main/jni/GLIS/dependancies/pipeline/debug_BUILD/CMakeFiles/CMakeTmp'
make[2]: *** [Makefile:121: cmTC_0c63e/fast] Error 2
make[2]: Leaving directory '/home/smallville7123/AndroidCompositor/app/src/main/jni/GLIS/dependancies/pipeline/debug_BUILD/CMakeFiles/CMakeTmp'


Source file was:
#include <pthread.h>

void* test_func(void* data)
{
  return data;
}

int main(void)
{
  pthread_t thread;
  pthread_create(&thread, NULL, test_func, NULL);
  pthread_detach(thread);
  pthread_join(thread, NULL);
  pthread_atfork(NULL, NULL, NULL);
  pthread_exit(NULL);

  return 0;
}

Determining if the function pthread_create exists in the pthreads failed with the following output:
Change Dir: /home/smallville7123/AndroidCompositor/app/src/main/jni/GLIS/dependancies/pipeline/debug_BUILD/CMakeFiles/CMakeTmp

Run Build Command(s):/usr/bin/make cmTC_b3ea8/fast && make[2]: Entering directory '/home/smallville7123/AndroidCompositor/app/src/main/jni/GLIS/dependancies/pipeline/debug_BUILD/CMakeFiles/CMakeTmp'
/usr/bin/make -f CMakeFiles/cmTC_b3ea8.dir/build.make CMakeFiles/cmTC_b3ea8.dir/build
make[3]: Entering directory '/home/smallville7123/AndroidCompositor/app/src/main/jni/GLIS/dependancies/pipeline/debug_BUILD/CMakeFiles/CMakeTmp'
Building C object CMakeFiles/cmTC_b3ea8.dir/CheckFunctionExists.c.o
/usr/bin/cc   -DCHECK_FUNCTION_EXISTS=pthread_create   -o CMakeFiles/cmTC_b3ea8.dir/CheckFunctionExists.c.o   -c /usr/share/cmake-3.16/Modules/CheckFunctionExists.c
Linking C executable cmTC_b3ea8
/usr/bin/cmake -E cmake_link_script CMakeFiles/cmTC_b3ea8.dir/link.txt --verbose=1
/usr/bin/cc  -DCHECK_FUNCTION_EXISTS=pthread_create    -rdynamic CMakeFiles/cmTC_b3ea8.dir/CheckFunctionExists.c.o  -o cmTC_b3ea8  -lpthreads 
/usr/bin/ld: cannot find -lpthreads
collect2: error: ld returned 1 exit status
make[3]: *** [CMakeFiles/cmTC_b3ea8.dir/build.make:87: cmTC_b3ea8] Error 1
make[3]: Leaving directory '/home/smallville7123/AndroidCompositor/app/src/main/jni/GLIS/dependancies/pipeline/debug_BUILD/CMakeFiles/CMakeTmp'
make[2]: *** [Makefile:121: cmTC_b3ea8/fast] Error 2
make[2]: Leaving directory '/home/smallville7123/AndroidCompositor/app/src/main/jni/GLIS/dependancies/pipeline/debug_BUILD/CMakeFiles/CMakeTmp'



