The system is: Linux - 5.4.0-40-generic - x86_64
Compiling the C compiler identification source file "CMakeCCompilerId.c" succeeded.
Compiler: /usr/bin/cc 
Build flags: 
Id flags:  

The output was:
0


Compilation of the C compiler identification source "CMakeCCompilerId.c" produced "a.out"

The C compiler identification is GNU, found in "/home/smallville7123/AndroidCompositor/app/src/main/jni/GLIS/debug_BUILD/CMakeFiles/3.16.3/CompilerIdC/a.out"

Compiling the CXX compiler identification source file "CMakeCXXCompilerId.cpp" succeeded.
Compiler: /usr/bin/c++ 
Build flags: 
Id flags:  

The output was:
0


Compilation of the CXX compiler identification source "CMakeCXXCompilerId.cpp" produced "a.out"

The CXX compiler identification is GNU, found in "/home/smallville7123/AndroidCompositor/app/src/main/jni/GLIS/debug_BUILD/CMakeFiles/3.16.3/CompilerIdCXX/a.out"

Determining if the C compiler works passed with the following output:
Change Dir: /home/smallville7123/AndroidCompositor/app/src/main/jni/GLIS/debug_BUILD/CMakeFiles/CMakeTmp

Run Build Command(s):/usr/bin/make cmTC_b246e/fast && make[2]: Entering directory '/home/smallville7123/AndroidCompositor/app/src/main/jni/GLIS/debug_BUILD/CMakeFiles/CMakeTmp'
/usr/bin/make -f CMakeFiles/cmTC_b246e.dir/build.make CMakeFiles/cmTC_b246e.dir/build
make[3]: Entering directory '/home/smallville7123/AndroidCompositor/app/src/main/jni/GLIS/debug_BUILD/CMakeFiles/CMakeTmp'
Building C object CMakeFiles/cmTC_b246e.dir/testCCompiler.c.o
/usr/bin/cc    -o CMakeFiles/cmTC_b246e.dir/testCCompiler.c.o   -c /home/smallville7123/AndroidCompositor/app/src/main/jni/GLIS/debug_BUILD/CMakeFiles/CMakeTmp/testCCompiler.c
Linking C executable cmTC_b246e
/usr/bin/cmake -E cmake_link_script CMakeFiles/cmTC_b246e.dir/link.txt --verbose=1
/usr/bin/cc      CMakeFiles/cmTC_b246e.dir/testCCompiler.c.o  -o cmTC_b246e 
make[3]: Leaving directory '/home/smallville7123/AndroidCompositor/app/src/main/jni/GLIS/debug_BUILD/CMakeFiles/CMakeTmp'
make[2]: Leaving directory '/home/smallville7123/AndroidCompositor/app/src/main/jni/GLIS/debug_BUILD/CMakeFiles/CMakeTmp'



Detecting C compiler ABI info compiled with the following output:
Change Dir: /home/smallville7123/AndroidCompositor/app/src/main/jni/GLIS/debug_BUILD/CMakeFiles/CMakeTmp

Run Build Command(s):/usr/bin/make cmTC_a171e/fast && make[2]: Entering directory '/home/smallville7123/AndroidCompositor/app/src/main/jni/GLIS/debug_BUILD/CMakeFiles/CMakeTmp'
/usr/bin/make -f CMakeFiles/cmTC_a171e.dir/build.make CMakeFiles/cmTC_a171e.dir/build
make[3]: Entering directory '/home/smallville7123/AndroidCompositor/app/src/main/jni/GLIS/debug_BUILD/CMakeFiles/CMakeTmp'
Building C object CMakeFiles/cmTC_a171e.dir/CMakeCCompilerABI.c.o
/usr/bin/cc   -v -o CMakeFiles/cmTC_a171e.dir/CMakeCCompilerABI.c.o   -c /usr/share/cmake-3.16/Modules/CMakeCCompilerABI.c
Using built-in specs.
COLLECT_GCC=/usr/bin/cc
OFFLOAD_TARGET_NAMES=nvptx-none:hsa
OFFLOAD_TARGET_DEFAULT=1
Target: x86_64-linux-gnu
Configured with: ../src/configure -v --with-pkgversion='Ubuntu 9.3.0-10ubuntu2' --with-bugurl=file:///usr/share/doc/gcc-9/README.Bugs --enable-languages=c,ada,c++,go,brig,d,fortran,objc,obj-c++,gm2 --prefix=/usr --with-gcc-major-version-only --program-suffix=-9 --program-prefix=x86_64-linux-gnu- --enable-shared --enable-linker-build-id --libexecdir=/usr/lib --without-included-gettext --enable-threads=posix --libdir=/usr/lib --enable-nls --enable-clocale=gnu --enable-libstdcxx-debug --enable-libstdcxx-time=yes --with-default-libstdcxx-abi=new --enable-gnu-unique-object --disable-vtable-verify --enable-plugin --enable-default-pie --with-system-zlib --with-target-system-zlib=auto --enable-objc-gc=auto --enable-multiarch --disable-werror --with-arch-32=i686 --with-abi=m64 --with-multilib-list=m32,m64,mx32 --enable-multilib --with-tune=generic --enable-offload-targets=nvptx-none,hsa --without-cuda-driver --enable-checking=release --build=x86_64-linux-gnu --host=x86_64-linux-gnu --target=x86_64-linux-gnu
Thread model: posix
gcc version 9.3.0 (Ubuntu 9.3.0-10ubuntu2) 
COLLECT_GCC_OPTIONS='-v' '-o' 'CMakeFiles/cmTC_a171e.dir/CMakeCCompilerABI.c.o' '-c' '-mtune=generic' '-march=x86-64'
 /usr/lib/gcc/x86_64-linux-gnu/9/cc1 -quiet -v -imultiarch x86_64-linux-gnu /usr/share/cmake-3.16/Modules/CMakeCCompilerABI.c -quiet -dumpbase CMakeCCompilerABI.c -mtune=generic -march=x86-64 -auxbase-strip CMakeFiles/cmTC_a171e.dir/CMakeCCompilerABI.c.o -version -fasynchronous-unwind-tables -fstack-protector-strong -Wformat -Wformat-security -fstack-clash-protection -fcf-protection -o /tmp/ccIjUE2e.s
GNU C17 (Ubuntu 9.3.0-10ubuntu2) version 9.3.0 (x86_64-linux-gnu)
	compiled by GNU C version 9.3.0, GMP version 6.2.0, MPFR version 4.0.2, MPC version 1.1.0, isl version isl-0.22.1-GMP

GGC heuristics: --param ggc-min-expand=100 --param ggc-min-heapsize=131072
ignoring nonexistent directory "/usr/local/include/x86_64-linux-gnu"
ignoring nonexistent directory "/usr/lib/gcc/x86_64-linux-gnu/9/include-fixed"
ignoring nonexistent directory "/usr/lib/gcc/x86_64-linux-gnu/9/../../../../x86_64-linux-gnu/include"
#include "..." search starts here:
#include <...> search starts here:
 /usr/lib/gcc/x86_64-linux-gnu/9/include
 /usr/local/include
 /usr/include/x86_64-linux-gnu
 /usr/include
End of search list.
GNU C17 (Ubuntu 9.3.0-10ubuntu2) version 9.3.0 (x86_64-linux-gnu)
	compiled by GNU C version 9.3.0, GMP version 6.2.0, MPFR version 4.0.2, MPC version 1.1.0, isl version isl-0.22.1-GMP

GGC heuristics: --param ggc-min-expand=100 --param ggc-min-heapsize=131072
Compiler executable checksum: 18dc4c39b54390aa2b5013fb4339d43f
COLLECT_GCC_OPTIONS='-v' '-o' 'CMakeFiles/cmTC_a171e.dir/CMakeCCompilerABI.c.o' '-c' '-mtune=generic' '-march=x86-64'
 as -v --64 -o CMakeFiles/cmTC_a171e.dir/CMakeCCompilerABI.c.o /tmp/ccIjUE2e.s
GNU assembler version 2.34 (x86_64-linux-gnu) using BFD version (GNU Binutils for Ubuntu) 2.34
COMPILER_PATH=/usr/lib/gcc/x86_64-linux-gnu/9/:/usr/lib/gcc/x86_64-linux-gnu/9/:/usr/lib/gcc/x86_64-linux-gnu/:/usr/lib/gcc/x86_64-linux-gnu/9/:/usr/lib/gcc/x86_64-linux-gnu/
LIBRARY_PATH=/usr/lib/gcc/x86_64-linux-gnu/9/:/usr/lib/gcc/x86_64-linux-gnu/9/../../../x86_64-linux-gnu/:/usr/lib/gcc/x86_64-linux-gnu/9/../../../../lib/:/lib/x86_64-linux-gnu/:/lib/../lib/:/usr/lib/x86_64-linux-gnu/:/usr/lib/../lib/:/usr/lib/gcc/x86_64-linux-gnu/9/../../../:/lib/:/usr/lib/
COLLECT_GCC_OPTIONS='-v' '-o' 'CMakeFiles/cmTC_a171e.dir/CMakeCCompilerABI.c.o' '-c' '-mtune=generic' '-march=x86-64'
Linking C executable cmTC_a171e
/usr/bin/cmake -E cmake_link_script CMakeFiles/cmTC_a171e.dir/link.txt --verbose=1
/usr/bin/cc     -v CMakeFiles/cmTC_a171e.dir/CMakeCCompilerABI.c.o  -o cmTC_a171e 
Using built-in specs.
COLLECT_GCC=/usr/bin/cc
COLLECT_LTO_WRAPPER=/usr/lib/gcc/x86_64-linux-gnu/9/lto-wrapper
OFFLOAD_TARGET_NAMES=nvptx-none:hsa
OFFLOAD_TARGET_DEFAULT=1
Target: x86_64-linux-gnu
Configured with: ../src/configure -v --with-pkgversion='Ubuntu 9.3.0-10ubuntu2' --with-bugurl=file:///usr/share/doc/gcc-9/README.Bugs --enable-languages=c,ada,c++,go,brig,d,fortran,objc,obj-c++,gm2 --prefix=/usr --with-gcc-major-version-only --program-suffix=-9 --program-prefix=x86_64-linux-gnu- --enable-shared --enable-linker-build-id --libexecdir=/usr/lib --without-included-gettext --enable-threads=posix --libdir=/usr/lib --enable-nls --enable-clocale=gnu --enable-libstdcxx-debug --enable-libstdcxx-time=yes --with-default-libstdcxx-abi=new --enable-gnu-unique-object --disable-vtable-verify --enable-plugin --enable-default-pie --with-system-zlib --with-target-system-zlib=auto --enable-objc-gc=auto --enable-multiarch --disable-werror --with-arch-32=i686 --with-abi=m64 --with-multilib-list=m32,m64,mx32 --enable-multilib --with-tune=generic --enable-offload-targets=nvptx-none,hsa --without-cuda-driver --enable-checking=release --build=x86_64-linux-gnu --host=x86_64-linux-gnu --target=x86_64-linux-gnu
Thread model: posix
gcc version 9.3.0 (Ubuntu 9.3.0-10ubuntu2) 
COMPILER_PATH=/usr/lib/gcc/x86_64-linux-gnu/9/:/usr/lib/gcc/x86_64-linux-gnu/9/:/usr/lib/gcc/x86_64-linux-gnu/:/usr/lib/gcc/x86_64-linux-gnu/9/:/usr/lib/gcc/x86_64-linux-gnu/
LIBRARY_PATH=/usr/lib/gcc/x86_64-linux-gnu/9/:/usr/lib/gcc/x86_64-linux-gnu/9/../../../x86_64-linux-gnu/:/usr/lib/gcc/x86_64-linux-gnu/9/../../../../lib/:/lib/x86_64-linux-gnu/:/lib/../lib/:/usr/lib/x86_64-linux-gnu/:/usr/lib/../lib/:/usr/lib/gcc/x86_64-linux-gnu/9/../../../:/lib/:/usr/lib/
COLLECT_GCC_OPTIONS='-v' '-o' 'cmTC_a171e' '-mtune=generic' '-march=x86-64'
 /usr/lib/gcc/x86_64-linux-gnu/9/collect2 -plugin /usr/lib/gcc/x86_64-linux-gnu/9/liblto_plugin.so -plugin-opt=/usr/lib/gcc/x86_64-linux-gnu/9/lto-wrapper -plugin-opt=-fresolution=/tmp/ccGc8joG.res -plugin-opt=-pass-through=-lgcc -plugin-opt=-pass-through=-lgcc_s -plugin-opt=-pass-through=-lc -plugin-opt=-pass-through=-lgcc -plugin-opt=-pass-through=-lgcc_s --build-id --eh-frame-hdr -m elf_x86_64 --hash-style=gnu --as-needed -dynamic-linker /lib64/ld-linux-x86-64.so.2 -pie -z now -z relro -o cmTC_a171e /usr/lib/gcc/x86_64-linux-gnu/9/../../../x86_64-linux-gnu/Scrt1.o /usr/lib/gcc/x86_64-linux-gnu/9/../../../x86_64-linux-gnu/crti.o /usr/lib/gcc/x86_64-linux-gnu/9/crtbeginS.o -L/usr/lib/gcc/x86_64-linux-gnu/9 -L/usr/lib/gcc/x86_64-linux-gnu/9/../../../x86_64-linux-gnu -L/usr/lib/gcc/x86_64-linux-gnu/9/../../../../lib -L/lib/x86_64-linux-gnu -L/lib/../lib -L/usr/lib/x86_64-linux-gnu -L/usr/lib/../lib -L/usr/lib/gcc/x86_64-linux-gnu/9/../../.. CMakeFiles/cmTC_a171e.dir/CMakeCCompilerABI.c.o -lgcc --push-state --as-needed -lgcc_s --pop-state -lc -lgcc --push-state --as-needed -lgcc_s --pop-state /usr/lib/gcc/x86_64-linux-gnu/9/crtendS.o /usr/lib/gcc/x86_64-linux-gnu/9/../../../x86_64-linux-gnu/crtn.o
COLLECT_GCC_OPTIONS='-v' '-o' 'cmTC_a171e' '-mtune=generic' '-march=x86-64'
make[3]: Leaving directory '/home/smallville7123/AndroidCompositor/app/src/main/jni/GLIS/debug_BUILD/CMakeFiles/CMakeTmp'
make[2]: Leaving directory '/home/smallville7123/AndroidCompositor/app/src/main/jni/GLIS/debug_BUILD/CMakeFiles/CMakeTmp'



Parsed C implicit include dir info from above output: rv=done
  found start of include info
  found start of implicit include info
    add: [/usr/lib/gcc/x86_64-linux-gnu/9/include]
    add: [/usr/local/include]
    add: [/usr/include/x86_64-linux-gnu]
    add: [/usr/include]
  end of search list found
  collapse include dir [/usr/lib/gcc/x86_64-linux-gnu/9/include] ==> [/usr/lib/gcc/x86_64-linux-gnu/9/include]
  collapse include dir [/usr/local/include] ==> [/usr/local/include]
  collapse include dir [/usr/include/x86_64-linux-gnu] ==> [/usr/include/x86_64-linux-gnu]
  collapse include dir [/usr/include] ==> [/usr/include]
  implicit include dirs: [/usr/lib/gcc/x86_64-linux-gnu/9/include;/usr/local/include;/usr/include/x86_64-linux-gnu;/usr/include]


Parsed C implicit link information from above output:
  link line regex: [^( *|.*[/\])(ld|CMAKE_LINK_STARTFILE-NOTFOUND|([^/\]+-)?ld|collect2)[^/\]*( |$)]
  ignore line: [Change Dir: /home/smallville7123/AndroidCompositor/app/src/main/jni/GLIS/debug_BUILD/CMakeFiles/CMakeTmp]
  ignore line: []
  ignore line: [Run Build Command(s):/usr/bin/make cmTC_a171e/fast && make[2]: Entering directory '/home/smallville7123/AndroidCompositor/app/src/main/jni/GLIS/debug_BUILD/CMakeFiles/CMakeTmp']
  ignore line: [/usr/bin/make -f CMakeFiles/cmTC_a171e.dir/build.make CMakeFiles/cmTC_a171e.dir/build]
  ignore line: [make[3]: Entering directory '/home/smallville7123/AndroidCompositor/app/src/main/jni/GLIS/debug_BUILD/CMakeFiles/CMakeTmp']
  ignore line: [Building C object CMakeFiles/cmTC_a171e.dir/CMakeCCompilerABI.c.o]
  ignore line: [/usr/bin/cc   -v -o CMakeFiles/cmTC_a171e.dir/CMakeCCompilerABI.c.o   -c /usr/share/cmake-3.16/Modules/CMakeCCompilerABI.c]
  ignore line: [Using built-in specs.]
  ignore line: [COLLECT_GCC=/usr/bin/cc]
  ignore line: [OFFLOAD_TARGET_NAMES=nvptx-none:hsa]
  ignore line: [OFFLOAD_TARGET_DEFAULT=1]
  ignore line: [Target: x86_64-linux-gnu]
  ignore line: [Configured with: ../src/configure -v --with-pkgversion='Ubuntu 9.3.0-10ubuntu2' --with-bugurl=file:///usr/share/doc/gcc-9/README.Bugs --enable-languages=c ada c++ go brig d fortran objc obj-c++ gm2 --prefix=/usr --with-gcc-major-version-only --program-suffix=-9 --program-prefix=x86_64-linux-gnu- --enable-shared --enable-linker-build-id --libexecdir=/usr/lib --without-included-gettext --enable-threads=posix --libdir=/usr/lib --enable-nls --enable-clocale=gnu --enable-libstdcxx-debug --enable-libstdcxx-time=yes --with-default-libstdcxx-abi=new --enable-gnu-unique-object --disable-vtable-verify --enable-plugin --enable-default-pie --with-system-zlib --with-target-system-zlib=auto --enable-objc-gc=auto --enable-multiarch --disable-werror --with-arch-32=i686 --with-abi=m64 --with-multilib-list=m32 m64 mx32 --enable-multilib --with-tune=generic --enable-offload-targets=nvptx-none hsa --without-cuda-driver --enable-checking=release --build=x86_64-linux-gnu --host=x86_64-linux-gnu --target=x86_64-linux-gnu]
  ignore line: [Thread model: posix]
  ignore line: [gcc version 9.3.0 (Ubuntu 9.3.0-10ubuntu2) ]
  ignore line: [COLLECT_GCC_OPTIONS='-v' '-o' 'CMakeFiles/cmTC_a171e.dir/CMakeCCompilerABI.c.o' '-c' '-mtune=generic' '-march=x86-64']
  ignore line: [ /usr/lib/gcc/x86_64-linux-gnu/9/cc1 -quiet -v -imultiarch x86_64-linux-gnu /usr/share/cmake-3.16/Modules/CMakeCCompilerABI.c -quiet -dumpbase CMakeCCompilerABI.c -mtune=generic -march=x86-64 -auxbase-strip CMakeFiles/cmTC_a171e.dir/CMakeCCompilerABI.c.o -version -fasynchronous-unwind-tables -fstack-protector-strong -Wformat -Wformat-security -fstack-clash-protection -fcf-protection -o /tmp/ccIjUE2e.s]
  ignore line: [GNU C17 (Ubuntu 9.3.0-10ubuntu2) version 9.3.0 (x86_64-linux-gnu)]
  ignore line: [	compiled by GNU C version 9.3.0  GMP version 6.2.0  MPFR version 4.0.2  MPC version 1.1.0  isl version isl-0.22.1-GMP]
  ignore line: []
  ignore line: [GGC heuristics: --param ggc-min-expand=100 --param ggc-min-heapsize=131072]
  ignore line: [ignoring nonexistent directory "/usr/local/include/x86_64-linux-gnu"]
  ignore line: [ignoring nonexistent directory "/usr/lib/gcc/x86_64-linux-gnu/9/include-fixed"]
  ignore line: [ignoring nonexistent directory "/usr/lib/gcc/x86_64-linux-gnu/9/../../../../x86_64-linux-gnu/include"]
  ignore line: [#include "..." search starts here:]
  ignore line: [#include <...> search starts here:]
  ignore line: [ /usr/lib/gcc/x86_64-linux-gnu/9/include]
  ignore line: [ /usr/local/include]
  ignore line: [ /usr/include/x86_64-linux-gnu]
  ignore line: [ /usr/include]
  ignore line: [End of search list.]
  ignore line: [GNU C17 (Ubuntu 9.3.0-10ubuntu2) version 9.3.0 (x86_64-linux-gnu)]
  ignore line: [	compiled by GNU C version 9.3.0  GMP version 6.2.0  MPFR version 4.0.2  MPC version 1.1.0  isl version isl-0.22.1-GMP]
  ignore line: []
  ignore line: [GGC heuristics: --param ggc-min-expand=100 --param ggc-min-heapsize=131072]
  ignore line: [Compiler executable checksum: 18dc4c39b54390aa2b5013fb4339d43f]
  ignore line: [COLLECT_GCC_OPTIONS='-v' '-o' 'CMakeFiles/cmTC_a171e.dir/CMakeCCompilerABI.c.o' '-c' '-mtune=generic' '-march=x86-64']
  ignore line: [ as -v --64 -o CMakeFiles/cmTC_a171e.dir/CMakeCCompilerABI.c.o /tmp/ccIjUE2e.s]
  ignore line: [GNU assembler version 2.34 (x86_64-linux-gnu) using BFD version (GNU Binutils for Ubuntu) 2.34]
  ignore line: [COMPILER_PATH=/usr/lib/gcc/x86_64-linux-gnu/9/:/usr/lib/gcc/x86_64-linux-gnu/9/:/usr/lib/gcc/x86_64-linux-gnu/:/usr/lib/gcc/x86_64-linux-gnu/9/:/usr/lib/gcc/x86_64-linux-gnu/]
  ignore line: [LIBRARY_PATH=/usr/lib/gcc/x86_64-linux-gnu/9/:/usr/lib/gcc/x86_64-linux-gnu/9/../../../x86_64-linux-gnu/:/usr/lib/gcc/x86_64-linux-gnu/9/../../../../lib/:/lib/x86_64-linux-gnu/:/lib/../lib/:/usr/lib/x86_64-linux-gnu/:/usr/lib/../lib/:/usr/lib/gcc/x86_64-linux-gnu/9/../../../:/lib/:/usr/lib/]
  ignore line: [COLLECT_GCC_OPTIONS='-v' '-o' 'CMakeFiles/cmTC_a171e.dir/CMakeCCompilerABI.c.o' '-c' '-mtune=generic' '-march=x86-64']
  ignore line: [Linking C executable cmTC_a171e]
  ignore line: [/usr/bin/cmake -E cmake_link_script CMakeFiles/cmTC_a171e.dir/link.txt --verbose=1]
  ignore line: [/usr/bin/cc     -v CMakeFiles/cmTC_a171e.dir/CMakeCCompilerABI.c.o  -o cmTC_a171e ]
  ignore line: [Using built-in specs.]
  ignore line: [COLLECT_GCC=/usr/bin/cc]
  ignore line: [COLLECT_LTO_WRAPPER=/usr/lib/gcc/x86_64-linux-gnu/9/lto-wrapper]
  ignore line: [OFFLOAD_TARGET_NAMES=nvptx-none:hsa]
  ignore line: [OFFLOAD_TARGET_DEFAULT=1]
  ignore line: [Target: x86_64-linux-gnu]
  ignore line: [Configured with: ../src/configure -v --with-pkgversion='Ubuntu 9.3.0-10ubuntu2' --with-bugurl=file:///usr/share/doc/gcc-9/README.Bugs --enable-languages=c ada c++ go brig d fortran objc obj-c++ gm2 --prefix=/usr --with-gcc-major-version-only --program-suffix=-9 --program-prefix=x86_64-linux-gnu- --enable-shared --enable-linker-build-id --libexecdir=/usr/lib --without-included-gettext --enable-threads=posix --libdir=/usr/lib --enable-nls --enable-clocale=gnu --enable-libstdcxx-debug --enable-libstdcxx-time=yes --with-default-libstdcxx-abi=new --enable-gnu-unique-object --disable-vtable-verify --enable-plugin --enable-default-pie --with-system-zlib --with-target-system-zlib=auto --enable-objc-gc=auto --enable-multiarch --disable-werror --with-arch-32=i686 --with-abi=m64 --with-multilib-list=m32 m64 mx32 --enable-multilib --with-tune=generic --enable-offload-targets=nvptx-none hsa --without-cuda-driver --enable-checking=release --build=x86_64-linux-gnu --host=x86_64-linux-gnu --target=x86_64-linux-gnu]
  ignore line: [Thread model: posix]
  ignore line: [gcc version 9.3.0 (Ubuntu 9.3.0-10ubuntu2) ]
  ignore line: [COMPILER_PATH=/usr/lib/gcc/x86_64-linux-gnu/9/:/usr/lib/gcc/x86_64-linux-gnu/9/:/usr/lib/gcc/x86_64-linux-gnu/:/usr/lib/gcc/x86_64-linux-gnu/9/:/usr/lib/gcc/x86_64-linux-gnu/]
  ignore line: [LIBRARY_PATH=/usr/lib/gcc/x86_64-linux-gnu/9/:/usr/lib/gcc/x86_64-linux-gnu/9/../../../x86_64-linux-gnu/:/usr/lib/gcc/x86_64-linux-gnu/9/../../../../lib/:/lib/x86_64-linux-gnu/:/lib/../lib/:/usr/lib/x86_64-linux-gnu/:/usr/lib/../lib/:/usr/lib/gcc/x86_64-linux-gnu/9/../../../:/lib/:/usr/lib/]
  ignore line: [COLLECT_GCC_OPTIONS='-v' '-o' 'cmTC_a171e' '-mtune=generic' '-march=x86-64']
  link line: [ /usr/lib/gcc/x86_64-linux-gnu/9/collect2 -plugin /usr/lib/gcc/x86_64-linux-gnu/9/liblto_plugin.so -plugin-opt=/usr/lib/gcc/x86_64-linux-gnu/9/lto-wrapper -plugin-opt=-fresolution=/tmp/ccGc8joG.res -plugin-opt=-pass-through=-lgcc -plugin-opt=-pass-through=-lgcc_s -plugin-opt=-pass-through=-lc -plugin-opt=-pass-through=-lgcc -plugin-opt=-pass-through=-lgcc_s --build-id --eh-frame-hdr -m elf_x86_64 --hash-style=gnu --as-needed -dynamic-linker /lib64/ld-linux-x86-64.so.2 -pie -z now -z relro -o cmTC_a171e /usr/lib/gcc/x86_64-linux-gnu/9/../../../x86_64-linux-gnu/Scrt1.o /usr/lib/gcc/x86_64-linux-gnu/9/../../../x86_64-linux-gnu/crti.o /usr/lib/gcc/x86_64-linux-gnu/9/crtbeginS.o -L/usr/lib/gcc/x86_64-linux-gnu/9 -L/usr/lib/gcc/x86_64-linux-gnu/9/../../../x86_64-linux-gnu -L/usr/lib/gcc/x86_64-linux-gnu/9/../../../../lib -L/lib/x86_64-linux-gnu -L/lib/../lib -L/usr/lib/x86_64-linux-gnu -L/usr/lib/../lib -L/usr/lib/gcc/x86_64-linux-gnu/9/../../.. CMakeFiles/cmTC_a171e.dir/CMakeCCompilerABI.c.o -lgcc --push-state --as-needed -lgcc_s --pop-state -lc -lgcc --push-state --as-needed -lgcc_s --pop-state /usr/lib/gcc/x86_64-linux-gnu/9/crtendS.o /usr/lib/gcc/x86_64-linux-gnu/9/../../../x86_64-linux-gnu/crtn.o]
    arg [/usr/lib/gcc/x86_64-linux-gnu/9/collect2] ==> ignore
    arg [-plugin] ==> ignore
    arg [/usr/lib/gcc/x86_64-linux-gnu/9/liblto_plugin.so] ==> ignore
    arg [-plugin-opt=/usr/lib/gcc/x86_64-linux-gnu/9/lto-wrapper] ==> ignore
    arg [-plugin-opt=-fresolution=/tmp/ccGc8joG.res] ==> ignore
    arg [-plugin-opt=-pass-through=-lgcc] ==> ignore
    arg [-plugin-opt=-pass-through=-lgcc_s] ==> ignore
    arg [-plugin-opt=-pass-through=-lc] ==> ignore
    arg [-plugin-opt=-pass-through=-lgcc] ==> ignore
    arg [-plugin-opt=-pass-through=-lgcc_s] ==> ignore
    arg [--build-id] ==> ignore
    arg [--eh-frame-hdr] ==> ignore
    arg [-m] ==> ignore
    arg [elf_x86_64] ==> ignore
    arg [--hash-style=gnu] ==> ignore
    arg [--as-needed] ==> ignore
    arg [-dynamic-linker] ==> ignore
    arg [/lib64/ld-linux-x86-64.so.2] ==> ignore
    arg [-pie] ==> ignore
    arg [-znow] ==> ignore
    arg [-zrelro] ==> ignore
    arg [-o] ==> ignore
    arg [cmTC_a171e] ==> ignore
    arg [/usr/lib/gcc/x86_64-linux-gnu/9/../../../x86_64-linux-gnu/Scrt1.o] ==> ignore
    arg [/usr/lib/gcc/x86_64-linux-gnu/9/../../../x86_64-linux-gnu/crti.o] ==> ignore
    arg [/usr/lib/gcc/x86_64-linux-gnu/9/crtbeginS.o] ==> ignore
    arg [-L/usr/lib/gcc/x86_64-linux-gnu/9] ==> dir [/usr/lib/gcc/x86_64-linux-gnu/9]
    arg [-L/usr/lib/gcc/x86_64-linux-gnu/9/../../../x86_64-linux-gnu] ==> dir [/usr/lib/gcc/x86_64-linux-gnu/9/../../../x86_64-linux-gnu]
    arg [-L/usr/lib/gcc/x86_64-linux-gnu/9/../../../../lib] ==> dir [/usr/lib/gcc/x86_64-linux-gnu/9/../../../../lib]
    arg [-L/lib/x86_64-linux-gnu] ==> dir [/lib/x86_64-linux-gnu]
    arg [-L/lib/../lib] ==> dir [/lib/../lib]
    arg [-L/usr/lib/x86_64-linux-gnu] ==> dir [/usr/lib/x86_64-linux-gnu]
    arg [-L/usr/lib/../lib] ==> dir [/usr/lib/../lib]
    arg [-L/usr/lib/gcc/x86_64-linux-gnu/9/../../..] ==> dir [/usr/lib/gcc/x86_64-linux-gnu/9/../../..]
    arg [CMakeFiles/cmTC_a171e.dir/CMakeCCompilerABI.c.o] ==> ignore
    arg [-lgcc] ==> lib [gcc]
    arg [--push-state] ==> ignore
    arg [--as-needed] ==> ignore
    arg [-lgcc_s] ==> lib [gcc_s]
    arg [--pop-state] ==> ignore
    arg [-lc] ==> lib [c]
    arg [-lgcc] ==> lib [gcc]
    arg [--push-state] ==> ignore
    arg [--as-needed] ==> ignore
    arg [-lgcc_s] ==> lib [gcc_s]
    arg [--pop-state] ==> ignore
    arg [/usr/lib/gcc/x86_64-linux-gnu/9/crtendS.o] ==> ignore
    arg [/usr/lib/gcc/x86_64-linux-gnu/9/../../../x86_64-linux-gnu/crtn.o] ==> ignore
  collapse library dir [/usr/lib/gcc/x86_64-linux-gnu/9] ==> [/usr/lib/gcc/x86_64-linux-gnu/9]
  collapse library dir [/usr/lib/gcc/x86_64-linux-gnu/9/../../../x86_64-linux-gnu] ==> [/usr/lib/x86_64-linux-gnu]
  collapse library dir [/usr/lib/gcc/x86_64-linux-gnu/9/../../../../lib] ==> [/usr/lib]
  collapse library dir [/lib/x86_64-linux-gnu] ==> [/lib/x86_64-linux-gnu]
  collapse library dir [/lib/../lib] ==> [/lib]
  collapse library dir [/usr/lib/x86_64-linux-gnu] ==> [/usr/lib/x86_64-linux-gnu]
  collapse library dir [/usr/lib/../lib] ==> [/usr/lib]
  collapse library dir [/usr/lib/gcc/x86_64-linux-gnu/9/../../..] ==> [/usr/lib]
  implicit libs: [gcc;gcc_s;c;gcc;gcc_s]
  implicit dirs: [/usr/lib/gcc/x86_64-linux-gnu/9;/usr/lib/x86_64-linux-gnu;/usr/lib;/lib/x86_64-linux-gnu;/lib]
  implicit fwks: []


Determining if the CXX compiler works passed with the following output:
Change Dir: /home/smallville7123/AndroidCompositor/app/src/main/jni/GLIS/debug_BUILD/CMakeFiles/CMakeTmp

Run Build Command(s):/usr/bin/make cmTC_5307e/fast && make[2]: Entering directory '/home/smallville7123/AndroidCompositor/app/src/main/jni/GLIS/debug_BUILD/CMakeFiles/CMakeTmp'
/usr/bin/make -f CMakeFiles/cmTC_5307e.dir/build.make CMakeFiles/cmTC_5307e.dir/build
make[3]: Entering directory '/home/smallville7123/AndroidCompositor/app/src/main/jni/GLIS/debug_BUILD/CMakeFiles/CMakeTmp'
Building CXX object CMakeFiles/cmTC_5307e.dir/testCXXCompiler.cxx.o
/usr/bin/c++     -o CMakeFiles/cmTC_5307e.dir/testCXXCompiler.cxx.o -c /home/smallville7123/AndroidCompositor/app/src/main/jni/GLIS/debug_BUILD/CMakeFiles/CMakeTmp/testCXXCompiler.cxx
Linking CXX executable cmTC_5307e
/usr/bin/cmake -E cmake_link_script CMakeFiles/cmTC_5307e.dir/link.txt --verbose=1
/usr/bin/c++       CMakeFiles/cmTC_5307e.dir/testCXXCompiler.cxx.o  -o cmTC_5307e 
make[3]: Leaving directory '/home/smallville7123/AndroidCompositor/app/src/main/jni/GLIS/debug_BUILD/CMakeFiles/CMakeTmp'
make[2]: Leaving directory '/home/smallville7123/AndroidCompositor/app/src/main/jni/GLIS/debug_BUILD/CMakeFiles/CMakeTmp'



Detecting CXX compiler ABI info compiled with the following output:
Change Dir: /home/smallville7123/AndroidCompositor/app/src/main/jni/GLIS/debug_BUILD/CMakeFiles/CMakeTmp

Run Build Command(s):/usr/bin/make cmTC_74c80/fast && make[2]: Entering directory '/home/smallville7123/AndroidCompositor/app/src/main/jni/GLIS/debug_BUILD/CMakeFiles/CMakeTmp'
/usr/bin/make -f CMakeFiles/cmTC_74c80.dir/build.make CMakeFiles/cmTC_74c80.dir/build
make[3]: Entering directory '/home/smallville7123/AndroidCompositor/app/src/main/jni/GLIS/debug_BUILD/CMakeFiles/CMakeTmp'
Building CXX object CMakeFiles/cmTC_74c80.dir/CMakeCXXCompilerABI.cpp.o
/usr/bin/c++    -v -o CMakeFiles/cmTC_74c80.dir/CMakeCXXCompilerABI.cpp.o -c /usr/share/cmake-3.16/Modules/CMakeCXXCompilerABI.cpp
Using built-in specs.
COLLECT_GCC=/usr/bin/c++
OFFLOAD_TARGET_NAMES=nvptx-none:hsa
OFFLOAD_TARGET_DEFAULT=1
Target: x86_64-linux-gnu
Configured with: ../src/configure -v --with-pkgversion='Ubuntu 9.3.0-10ubuntu2' --with-bugurl=file:///usr/share/doc/gcc-9/README.Bugs --enable-languages=c,ada,c++,go,brig,d,fortran,objc,obj-c++,gm2 --prefix=/usr --with-gcc-major-version-only --program-suffix=-9 --program-prefix=x86_64-linux-gnu- --enable-shared --enable-linker-build-id --libexecdir=/usr/lib --without-included-gettext --enable-threads=posix --libdir=/usr/lib --enable-nls --enable-clocale=gnu --enable-libstdcxx-debug --enable-libstdcxx-time=yes --with-default-libstdcxx-abi=new --enable-gnu-unique-object --disable-vtable-verify --enable-plugin --enable-default-pie --with-system-zlib --with-target-system-zlib=auto --enable-objc-gc=auto --enable-multiarch --disable-werror --with-arch-32=i686 --with-abi=m64 --with-multilib-list=m32,m64,mx32 --enable-multilib --with-tune=generic --enable-offload-targets=nvptx-none,hsa --without-cuda-driver --enable-checking=release --build=x86_64-linux-gnu --host=x86_64-linux-gnu --target=x86_64-linux-gnu
Thread model: posix
gcc version 9.3.0 (Ubuntu 9.3.0-10ubuntu2) 
COLLECT_GCC_OPTIONS='-v' '-o' 'CMakeFiles/cmTC_74c80.dir/CMakeCXXCompilerABI.cpp.o' '-c' '-shared-libgcc' '-mtune=generic' '-march=x86-64'
 /usr/lib/gcc/x86_64-linux-gnu/9/cc1plus -quiet -v -imultiarch x86_64-linux-gnu -D_GNU_SOURCE /usr/share/cmake-3.16/Modules/CMakeCXXCompilerABI.cpp -quiet -dumpbase CMakeCXXCompilerABI.cpp -mtune=generic -march=x86-64 -auxbase-strip CMakeFiles/cmTC_74c80.dir/CMakeCXXCompilerABI.cpp.o -version -fasynchronous-unwind-tables -fstack-protector-strong -Wformat -Wformat-security -fstack-clash-protection -fcf-protection -o /tmp/ccSLrBNc.s
GNU C++14 (Ubuntu 9.3.0-10ubuntu2) version 9.3.0 (x86_64-linux-gnu)
	compiled by GNU C version 9.3.0, GMP version 6.2.0, MPFR version 4.0.2, MPC version 1.1.0, isl version isl-0.22.1-GMP

GGC heuristics: --param ggc-min-expand=100 --param ggc-min-heapsize=131072
ignoring duplicate directory "/usr/include/x86_64-linux-gnu/c++/9"
ignoring nonexistent directory "/usr/local/include/x86_64-linux-gnu"
ignoring nonexistent directory "/usr/lib/gcc/x86_64-linux-gnu/9/include-fixed"
ignoring nonexistent directory "/usr/lib/gcc/x86_64-linux-gnu/9/../../../../x86_64-linux-gnu/include"
#include "..." search starts here:
#include <...> search starts here:
 /usr/include/c++/9
 /usr/include/x86_64-linux-gnu/c++/9
 /usr/include/c++/9/backward
 /usr/lib/gcc/x86_64-linux-gnu/9/include
 /usr/local/include
 /usr/include/x86_64-linux-gnu
 /usr/include
End of search list.
GNU C++14 (Ubuntu 9.3.0-10ubuntu2) version 9.3.0 (x86_64-linux-gnu)
	compiled by GNU C version 9.3.0, GMP version 6.2.0, MPFR version 4.0.2, MPC version 1.1.0, isl version isl-0.22.1-GMP

GGC heuristics: --param ggc-min-expand=100 --param ggc-min-heapsize=131072
Compiler executable checksum: a3d04a02fbd98a786d710618ca593f02
COLLECT_GCC_OPTIONS='-v' '-o' 'CMakeFiles/cmTC_74c80.dir/CMakeCXXCompilerABI.cpp.o' '-c' '-shared-libgcc' '-mtune=generic' '-march=x86-64'
 as -v --64 -o CMakeFiles/cmTC_74c80.dir/CMakeCXXCompilerABI.cpp.o /tmp/ccSLrBNc.s
GNU assembler version 2.34 (x86_64-linux-gnu) using BFD version (GNU Binutils for Ubuntu) 2.34
COMPILER_PATH=/usr/lib/gcc/x86_64-linux-gnu/9/:/usr/lib/gcc/x86_64-linux-gnu/9/:/usr/lib/gcc/x86_64-linux-gnu/:/usr/lib/gcc/x86_64-linux-gnu/9/:/usr/lib/gcc/x86_64-linux-gnu/
LIBRARY_PATH=/usr/lib/gcc/x86_64-linux-gnu/9/:/usr/lib/gcc/x86_64-linux-gnu/9/../../../x86_64-linux-gnu/:/usr/lib/gcc/x86_64-linux-gnu/9/../../../../lib/:/lib/x86_64-linux-gnu/:/lib/../lib/:/usr/lib/x86_64-linux-gnu/:/usr/lib/../lib/:/usr/lib/gcc/x86_64-linux-gnu/9/../../../:/lib/:/usr/lib/
COLLECT_GCC_OPTIONS='-v' '-o' 'CMakeFiles/cmTC_74c80.dir/CMakeCXXCompilerABI.cpp.o' '-c' '-shared-libgcc' '-mtune=generic' '-march=x86-64'
Linking CXX executable cmTC_74c80
/usr/bin/cmake -E cmake_link_script CMakeFiles/cmTC_74c80.dir/link.txt --verbose=1
/usr/bin/c++      -v CMakeFiles/cmTC_74c80.dir/CMakeCXXCompilerABI.cpp.o  -o cmTC_74c80 
Using built-in specs.
COLLECT_GCC=/usr/bin/c++
COLLECT_LTO_WRAPPER=/usr/lib/gcc/x86_64-linux-gnu/9/lto-wrapper
OFFLOAD_TARGET_NAMES=nvptx-none:hsa
OFFLOAD_TARGET_DEFAULT=1
Target: x86_64-linux-gnu
Configured with: ../src/configure -v --with-pkgversion='Ubuntu 9.3.0-10ubuntu2' --with-bugurl=file:///usr/share/doc/gcc-9/README.Bugs --enable-languages=c,ada,c++,go,brig,d,fortran,objc,obj-c++,gm2 --prefix=/usr --with-gcc-major-version-only --program-suffix=-9 --program-prefix=x86_64-linux-gnu- --enable-shared --enable-linker-build-id --libexecdir=/usr/lib --without-included-gettext --enable-threads=posix --libdir=/usr/lib --enable-nls --enable-clocale=gnu --enable-libstdcxx-debug --enable-libstdcxx-time=yes --with-default-libstdcxx-abi=new --enable-gnu-unique-object --disable-vtable-verify --enable-plugin --enable-default-pie --with-system-zlib --with-target-system-zlib=auto --enable-objc-gc=auto --enable-multiarch --disable-werror --with-arch-32=i686 --with-abi=m64 --with-multilib-list=m32,m64,mx32 --enable-multilib --with-tune=generic --enable-offload-targets=nvptx-none,hsa --without-cuda-driver --enable-checking=release --build=x86_64-linux-gnu --host=x86_64-linux-gnu --target=x86_64-linux-gnu
Thread model: posix
gcc version 9.3.0 (Ubuntu 9.3.0-10ubuntu2) 
COMPILER_PATH=/usr/lib/gcc/x86_64-linux-gnu/9/:/usr/lib/gcc/x86_64-linux-gnu/9/:/usr/lib/gcc/x86_64-linux-gnu/:/usr/lib/gcc/x86_64-linux-gnu/9/:/usr/lib/gcc/x86_64-linux-gnu/
LIBRARY_PATH=/usr/lib/gcc/x86_64-linux-gnu/9/:/usr/lib/gcc/x86_64-linux-gnu/9/../../../x86_64-linux-gnu/:/usr/lib/gcc/x86_64-linux-gnu/9/../../../../lib/:/lib/x86_64-linux-gnu/:/lib/../lib/:/usr/lib/x86_64-linux-gnu/:/usr/lib/../lib/:/usr/lib/gcc/x86_64-linux-gnu/9/../../../:/lib/:/usr/lib/
COLLECT_GCC_OPTIONS='-v' '-o' 'cmTC_74c80' '-shared-libgcc' '-mtune=generic' '-march=x86-64'
 /usr/lib/gcc/x86_64-linux-gnu/9/collect2 -plugin /usr/lib/gcc/x86_64-linux-gnu/9/liblto_plugin.so -plugin-opt=/usr/lib/gcc/x86_64-linux-gnu/9/lto-wrapper -plugin-opt=-fresolution=/tmp/ccecp7PD.res -plugin-opt=-pass-through=-lgcc_s -plugin-opt=-pass-through=-lgcc -plugin-opt=-pass-through=-lc -plugin-opt=-pass-through=-lgcc_s -plugin-opt=-pass-through=-lgcc --build-id --eh-frame-hdr -m elf_x86_64 --hash-style=gnu --as-needed -dynamic-linker /lib64/ld-linux-x86-64.so.2 -pie -z now -z relro -o cmTC_74c80 /usr/lib/gcc/x86_64-linux-gnu/9/../../../x86_64-linux-gnu/Scrt1.o /usr/lib/gcc/x86_64-linux-gnu/9/../../../x86_64-linux-gnu/crti.o /usr/lib/gcc/x86_64-linux-gnu/9/crtbeginS.o -L/usr/lib/gcc/x86_64-linux-gnu/9 -L/usr/lib/gcc/x86_64-linux-gnu/9/../../../x86_64-linux-gnu -L/usr/lib/gcc/x86_64-linux-gnu/9/../../../../lib -L/lib/x86_64-linux-gnu -L/lib/../lib -L/usr/lib/x86_64-linux-gnu -L/usr/lib/../lib -L/usr/lib/gcc/x86_64-linux-gnu/9/../../.. CMakeFiles/cmTC_74c80.dir/CMakeCXXCompilerABI.cpp.o -lstdc++ -lm -lgcc_s -lgcc -lc -lgcc_s -lgcc /usr/lib/gcc/x86_64-linux-gnu/9/crtendS.o /usr/lib/gcc/x86_64-linux-gnu/9/../../../x86_64-linux-gnu/crtn.o
COLLECT_GCC_OPTIONS='-v' '-o' 'cmTC_74c80' '-shared-libgcc' '-mtune=generic' '-march=x86-64'
make[3]: Leaving directory '/home/smallville7123/AndroidCompositor/app/src/main/jni/GLIS/debug_BUILD/CMakeFiles/CMakeTmp'
make[2]: Leaving directory '/home/smallville7123/AndroidCompositor/app/src/main/jni/GLIS/debug_BUILD/CMakeFiles/CMakeTmp'



Parsed CXX implicit include dir info from above output: rv=done
  found start of include info
  found start of implicit include info
    add: [/usr/include/c++/9]
    add: [/usr/include/x86_64-linux-gnu/c++/9]
    add: [/usr/include/c++/9/backward]
    add: [/usr/lib/gcc/x86_64-linux-gnu/9/include]
    add: [/usr/local/include]
    add: [/usr/include/x86_64-linux-gnu]
    add: [/usr/include]
  end of search list found
  collapse include dir [/usr/include/c++/9] ==> [/usr/include/c++/9]
  collapse include dir [/usr/include/x86_64-linux-gnu/c++/9] ==> [/usr/include/x86_64-linux-gnu/c++/9]
  collapse include dir [/usr/include/c++/9/backward] ==> [/usr/include/c++/9/backward]
  collapse include dir [/usr/lib/gcc/x86_64-linux-gnu/9/include] ==> [/usr/lib/gcc/x86_64-linux-gnu/9/include]
  collapse include dir [/usr/local/include] ==> [/usr/local/include]
  collapse include dir [/usr/include/x86_64-linux-gnu] ==> [/usr/include/x86_64-linux-gnu]
  collapse include dir [/usr/include] ==> [/usr/include]
  implicit include dirs: [/usr/include/c++/9;/usr/include/x86_64-linux-gnu/c++/9;/usr/include/c++/9/backward;/usr/lib/gcc/x86_64-linux-gnu/9/include;/usr/local/include;/usr/include/x86_64-linux-gnu;/usr/include]


Parsed CXX implicit link information from above output:
  link line regex: [^( *|.*[/\])(ld|CMAKE_LINK_STARTFILE-NOTFOUND|([^/\]+-)?ld|collect2)[^/\]*( |$)]
  ignore line: [Change Dir: /home/smallville7123/AndroidCompositor/app/src/main/jni/GLIS/debug_BUILD/CMakeFiles/CMakeTmp]
  ignore line: []
  ignore line: [Run Build Command(s):/usr/bin/make cmTC_74c80/fast && make[2]: Entering directory '/home/smallville7123/AndroidCompositor/app/src/main/jni/GLIS/debug_BUILD/CMakeFiles/CMakeTmp']
  ignore line: [/usr/bin/make -f CMakeFiles/cmTC_74c80.dir/build.make CMakeFiles/cmTC_74c80.dir/build]
  ignore line: [make[3]: Entering directory '/home/smallville7123/AndroidCompositor/app/src/main/jni/GLIS/debug_BUILD/CMakeFiles/CMakeTmp']
  ignore line: [Building CXX object CMakeFiles/cmTC_74c80.dir/CMakeCXXCompilerABI.cpp.o]
  ignore line: [/usr/bin/c++    -v -o CMakeFiles/cmTC_74c80.dir/CMakeCXXCompilerABI.cpp.o -c /usr/share/cmake-3.16/Modules/CMakeCXXCompilerABI.cpp]
  ignore line: [Using built-in specs.]
  ignore line: [COLLECT_GCC=/usr/bin/c++]
  ignore line: [OFFLOAD_TARGET_NAMES=nvptx-none:hsa]
  ignore line: [OFFLOAD_TARGET_DEFAULT=1]
  ignore line: [Target: x86_64-linux-gnu]
  ignore line: [Configured with: ../src/configure -v --with-pkgversion='Ubuntu 9.3.0-10ubuntu2' --with-bugurl=file:///usr/share/doc/gcc-9/README.Bugs --enable-languages=c ada c++ go brig d fortran objc obj-c++ gm2 --prefix=/usr --with-gcc-major-version-only --program-suffix=-9 --program-prefix=x86_64-linux-gnu- --enable-shared --enable-linker-build-id --libexecdir=/usr/lib --without-included-gettext --enable-threads=posix --libdir=/usr/lib --enable-nls --enable-clocale=gnu --enable-libstdcxx-debug --enable-libstdcxx-time=yes --with-default-libstdcxx-abi=new --enable-gnu-unique-object --disable-vtable-verify --enable-plugin --enable-default-pie --with-system-zlib --with-target-system-zlib=auto --enable-objc-gc=auto --enable-multiarch --disable-werror --with-arch-32=i686 --with-abi=m64 --with-multilib-list=m32 m64 mx32 --enable-multilib --with-tune=generic --enable-offload-targets=nvptx-none hsa --without-cuda-driver --enable-checking=release --build=x86_64-linux-gnu --host=x86_64-linux-gnu --target=x86_64-linux-gnu]
  ignore line: [Thread model: posix]
  ignore line: [gcc version 9.3.0 (Ubuntu 9.3.0-10ubuntu2) ]
  ignore line: [COLLECT_GCC_OPTIONS='-v' '-o' 'CMakeFiles/cmTC_74c80.dir/CMakeCXXCompilerABI.cpp.o' '-c' '-shared-libgcc' '-mtune=generic' '-march=x86-64']
  ignore line: [ /usr/lib/gcc/x86_64-linux-gnu/9/cc1plus -quiet -v -imultiarch x86_64-linux-gnu -D_GNU_SOURCE /usr/share/cmake-3.16/Modules/CMakeCXXCompilerABI.cpp -quiet -dumpbase CMakeCXXCompilerABI.cpp -mtune=generic -march=x86-64 -auxbase-strip CMakeFiles/cmTC_74c80.dir/CMakeCXXCompilerABI.cpp.o -version -fasynchronous-unwind-tables -fstack-protector-strong -Wformat -Wformat-security -fstack-clash-protection -fcf-protection -o /tmp/ccSLrBNc.s]
  ignore line: [GNU C++14 (Ubuntu 9.3.0-10ubuntu2) version 9.3.0 (x86_64-linux-gnu)]
  ignore line: [	compiled by GNU C version 9.3.0  GMP version 6.2.0  MPFR version 4.0.2  MPC version 1.1.0  isl version isl-0.22.1-GMP]
  ignore line: []
  ignore line: [GGC heuristics: --param ggc-min-expand=100 --param ggc-min-heapsize=131072]
  ignore line: [ignoring duplicate directory "/usr/include/x86_64-linux-gnu/c++/9"]
  ignore line: [ignoring nonexistent directory "/usr/local/include/x86_64-linux-gnu"]
  ignore line: [ignoring nonexistent directory "/usr/lib/gcc/x86_64-linux-gnu/9/include-fixed"]
  ignore line: [ignoring nonexistent directory "/usr/lib/gcc/x86_64-linux-gnu/9/../../../../x86_64-linux-gnu/include"]
  ignore line: [#include "..." search starts here:]
  ignore line: [#include <...> search starts here:]
  ignore line: [ /usr/include/c++/9]
  ignore line: [ /usr/include/x86_64-linux-gnu/c++/9]
  ignore line: [ /usr/include/c++/9/backward]
  ignore line: [ /usr/lib/gcc/x86_64-linux-gnu/9/include]
  ignore line: [ /usr/local/include]
  ignore line: [ /usr/include/x86_64-linux-gnu]
  ignore line: [ /usr/include]
  ignore line: [End of search list.]
  ignore line: [GNU C++14 (Ubuntu 9.3.0-10ubuntu2) version 9.3.0 (x86_64-linux-gnu)]
  ignore line: [	compiled by GNU C version 9.3.0  GMP version 6.2.0  MPFR version 4.0.2  MPC version 1.1.0  isl version isl-0.22.1-GMP]
  ignore line: []
  ignore line: [GGC heuristics: --param ggc-min-expand=100 --param ggc-min-heapsize=131072]
  ignore line: [Compiler executable checksum: a3d04a02fbd98a786d710618ca593f02]
  ignore line: [COLLECT_GCC_OPTIONS='-v' '-o' 'CMakeFiles/cmTC_74c80.dir/CMakeCXXCompilerABI.cpp.o' '-c' '-shared-libgcc' '-mtune=generic' '-march=x86-64']
  ignore line: [ as -v --64 -o CMakeFiles/cmTC_74c80.dir/CMakeCXXCompilerABI.cpp.o /tmp/ccSLrBNc.s]
  ignore line: [GNU assembler version 2.34 (x86_64-linux-gnu) using BFD version (GNU Binutils for Ubuntu) 2.34]
  ignore line: [COMPILER_PATH=/usr/lib/gcc/x86_64-linux-gnu/9/:/usr/lib/gcc/x86_64-linux-gnu/9/:/usr/lib/gcc/x86_64-linux-gnu/:/usr/lib/gcc/x86_64-linux-gnu/9/:/usr/lib/gcc/x86_64-linux-gnu/]
  ignore line: [LIBRARY_PATH=/usr/lib/gcc/x86_64-linux-gnu/9/:/usr/lib/gcc/x86_64-linux-gnu/9/../../../x86_64-linux-gnu/:/usr/lib/gcc/x86_64-linux-gnu/9/../../../../lib/:/lib/x86_64-linux-gnu/:/lib/../lib/:/usr/lib/x86_64-linux-gnu/:/usr/lib/../lib/:/usr/lib/gcc/x86_64-linux-gnu/9/../../../:/lib/:/usr/lib/]
  ignore line: [COLLECT_GCC_OPTIONS='-v' '-o' 'CMakeFiles/cmTC_74c80.dir/CMakeCXXCompilerABI.cpp.o' '-c' '-shared-libgcc' '-mtune=generic' '-march=x86-64']
  ignore line: [Linking CXX executable cmTC_74c80]
  ignore line: [/usr/bin/cmake -E cmake_link_script CMakeFiles/cmTC_74c80.dir/link.txt --verbose=1]
  ignore line: [/usr/bin/c++      -v CMakeFiles/cmTC_74c80.dir/CMakeCXXCompilerABI.cpp.o  -o cmTC_74c80 ]
  ignore line: [Using built-in specs.]
  ignore line: [COLLECT_GCC=/usr/bin/c++]
  ignore line: [COLLECT_LTO_WRAPPER=/usr/lib/gcc/x86_64-linux-gnu/9/lto-wrapper]
  ignore line: [OFFLOAD_TARGET_NAMES=nvptx-none:hsa]
  ignore line: [OFFLOAD_TARGET_DEFAULT=1]
  ignore line: [Target: x86_64-linux-gnu]
  ignore line: [Configured with: ../src/configure -v --with-pkgversion='Ubuntu 9.3.0-10ubuntu2' --with-bugurl=file:///usr/share/doc/gcc-9/README.Bugs --enable-languages=c ada c++ go brig d fortran objc obj-c++ gm2 --prefix=/usr --with-gcc-major-version-only --program-suffix=-9 --program-prefix=x86_64-linux-gnu- --enable-shared --enable-linker-build-id --libexecdir=/usr/lib --without-included-gettext --enable-threads=posix --libdir=/usr/lib --enable-nls --enable-clocale=gnu --enable-libstdcxx-debug --enable-libstdcxx-time=yes --with-default-libstdcxx-abi=new --enable-gnu-unique-object --disable-vtable-verify --enable-plugin --enable-default-pie --with-system-zlib --with-target-system-zlib=auto --enable-objc-gc=auto --enable-multiarch --disable-werror --with-arch-32=i686 --with-abi=m64 --with-multilib-list=m32 m64 mx32 --enable-multilib --with-tune=generic --enable-offload-targets=nvptx-none hsa --without-cuda-driver --enable-checking=release --build=x86_64-linux-gnu --host=x86_64-linux-gnu --target=x86_64-linux-gnu]
  ignore line: [Thread model: posix]
  ignore line: [gcc version 9.3.0 (Ubuntu 9.3.0-10ubuntu2) ]
  ignore line: [COMPILER_PATH=/usr/lib/gcc/x86_64-linux-gnu/9/:/usr/lib/gcc/x86_64-linux-gnu/9/:/usr/lib/gcc/x86_64-linux-gnu/:/usr/lib/gcc/x86_64-linux-gnu/9/:/usr/lib/gcc/x86_64-linux-gnu/]
  ignore line: [LIBRARY_PATH=/usr/lib/gcc/x86_64-linux-gnu/9/:/usr/lib/gcc/x86_64-linux-gnu/9/../../../x86_64-linux-gnu/:/usr/lib/gcc/x86_64-linux-gnu/9/../../../../lib/:/lib/x86_64-linux-gnu/:/lib/../lib/:/usr/lib/x86_64-linux-gnu/:/usr/lib/../lib/:/usr/lib/gcc/x86_64-linux-gnu/9/../../../:/lib/:/usr/lib/]
  ignore line: [COLLECT_GCC_OPTIONS='-v' '-o' 'cmTC_74c80' '-shared-libgcc' '-mtune=generic' '-march=x86-64']
  link line: [ /usr/lib/gcc/x86_64-linux-gnu/9/collect2 -plugin /usr/lib/gcc/x86_64-linux-gnu/9/liblto_plugin.so -plugin-opt=/usr/lib/gcc/x86_64-linux-gnu/9/lto-wrapper -plugin-opt=-fresolution=/tmp/ccecp7PD.res -plugin-opt=-pass-through=-lgcc_s -plugin-opt=-pass-through=-lgcc -plugin-opt=-pass-through=-lc -plugin-opt=-pass-through=-lgcc_s -plugin-opt=-pass-through=-lgcc --build-id --eh-frame-hdr -m elf_x86_64 --hash-style=gnu --as-needed -dynamic-linker /lib64/ld-linux-x86-64.so.2 -pie -z now -z relro -o cmTC_74c80 /usr/lib/gcc/x86_64-linux-gnu/9/../../../x86_64-linux-gnu/Scrt1.o /usr/lib/gcc/x86_64-linux-gnu/9/../../../x86_64-linux-gnu/crti.o /usr/lib/gcc/x86_64-linux-gnu/9/crtbeginS.o -L/usr/lib/gcc/x86_64-linux-gnu/9 -L/usr/lib/gcc/x86_64-linux-gnu/9/../../../x86_64-linux-gnu -L/usr/lib/gcc/x86_64-linux-gnu/9/../../../../lib -L/lib/x86_64-linux-gnu -L/lib/../lib -L/usr/lib/x86_64-linux-gnu -L/usr/lib/../lib -L/usr/lib/gcc/x86_64-linux-gnu/9/../../.. CMakeFiles/cmTC_74c80.dir/CMakeCXXCompilerABI.cpp.o -lstdc++ -lm -lgcc_s -lgcc -lc -lgcc_s -lgcc /usr/lib/gcc/x86_64-linux-gnu/9/crtendS.o /usr/lib/gcc/x86_64-linux-gnu/9/../../../x86_64-linux-gnu/crtn.o]
    arg [/usr/lib/gcc/x86_64-linux-gnu/9/collect2] ==> ignore
    arg [-plugin] ==> ignore
    arg [/usr/lib/gcc/x86_64-linux-gnu/9/liblto_plugin.so] ==> ignore
    arg [-plugin-opt=/usr/lib/gcc/x86_64-linux-gnu/9/lto-wrapper] ==> ignore
    arg [-plugin-opt=-fresolution=/tmp/ccecp7PD.res] ==> ignore
    arg [-plugin-opt=-pass-through=-lgcc_s] ==> ignore
    arg [-plugin-opt=-pass-through=-lgcc] ==> ignore
    arg [-plugin-opt=-pass-through=-lc] ==> ignore
    arg [-plugin-opt=-pass-through=-lgcc_s] ==> ignore
    arg [-plugin-opt=-pass-through=-lgcc] ==> ignore
    arg [--build-id] ==> ignore
    arg [--eh-frame-hdr] ==> ignore
    arg [-m] ==> ignore
    arg [elf_x86_64] ==> ignore
    arg [--hash-style=gnu] ==> ignore
    arg [--as-needed] ==> ignore
    arg [-dynamic-linker] ==> ignore
    arg [/lib64/ld-linux-x86-64.so.2] ==> ignore
    arg [-pie] ==> ignore
    arg [-znow] ==> ignore
    arg [-zrelro] ==> ignore
    arg [-o] ==> ignore
    arg [cmTC_74c80] ==> ignore
    arg [/usr/lib/gcc/x86_64-linux-gnu/9/../../../x86_64-linux-gnu/Scrt1.o] ==> ignore
    arg [/usr/lib/gcc/x86_64-linux-gnu/9/../../../x86_64-linux-gnu/crti.o] ==> ignore
    arg [/usr/lib/gcc/x86_64-linux-gnu/9/crtbeginS.o] ==> ignore
    arg [-L/usr/lib/gcc/x86_64-linux-gnu/9] ==> dir [/usr/lib/gcc/x86_64-linux-gnu/9]
    arg [-L/usr/lib/gcc/x86_64-linux-gnu/9/../../../x86_64-linux-gnu] ==> dir [/usr/lib/gcc/x86_64-linux-gnu/9/../../../x86_64-linux-gnu]
    arg [-L/usr/lib/gcc/x86_64-linux-gnu/9/../../../../lib] ==> dir [/usr/lib/gcc/x86_64-linux-gnu/9/../../../../lib]
    arg [-L/lib/x86_64-linux-gnu] ==> dir [/lib/x86_64-linux-gnu]
    arg [-L/lib/../lib] ==> dir [/lib/../lib]
    arg [-L/usr/lib/x86_64-linux-gnu] ==> dir [/usr/lib/x86_64-linux-gnu]
    arg [-L/usr/lib/../lib] ==> dir [/usr/lib/../lib]
    arg [-L/usr/lib/gcc/x86_64-linux-gnu/9/../../..] ==> dir [/usr/lib/gcc/x86_64-linux-gnu/9/../../..]
    arg [CMakeFiles/cmTC_74c80.dir/CMakeCXXCompilerABI.cpp.o] ==> ignore
    arg [-lstdc++] ==> lib [stdc++]
    arg [-lm] ==> lib [m]
    arg [-lgcc_s] ==> lib [gcc_s]
    arg [-lgcc] ==> lib [gcc]
    arg [-lc] ==> lib [c]
    arg [-lgcc_s] ==> lib [gcc_s]
    arg [-lgcc] ==> lib [gcc]
    arg [/usr/lib/gcc/x86_64-linux-gnu/9/crtendS.o] ==> ignore
    arg [/usr/lib/gcc/x86_64-linux-gnu/9/../../../x86_64-linux-gnu/crtn.o] ==> ignore
  collapse library dir [/usr/lib/gcc/x86_64-linux-gnu/9] ==> [/usr/lib/gcc/x86_64-linux-gnu/9]
  collapse library dir [/usr/lib/gcc/x86_64-linux-gnu/9/../../../x86_64-linux-gnu] ==> [/usr/lib/x86_64-linux-gnu]
  collapse library dir [/usr/lib/gcc/x86_64-linux-gnu/9/../../../../lib] ==> [/usr/lib]
  collapse library dir [/lib/x86_64-linux-gnu] ==> [/lib/x86_64-linux-gnu]
  collapse library dir [/lib/../lib] ==> [/lib]
  collapse library dir [/usr/lib/x86_64-linux-gnu] ==> [/usr/lib/x86_64-linux-gnu]
  collapse library dir [/usr/lib/../lib] ==> [/usr/lib]
  collapse library dir [/usr/lib/gcc/x86_64-linux-gnu/9/../../..] ==> [/usr/lib]
  implicit libs: [stdc++;m;gcc_s;gcc;c;gcc_s;gcc]
  implicit dirs: [/usr/lib/gcc/x86_64-linux-gnu/9;/usr/lib/x86_64-linux-gnu;/usr/lib;/lib/x86_64-linux-gnu;/lib]
  implicit fwks: []


Determining if the include file pthread.h exists passed with the following output:
Change Dir: /home/smallville7123/AndroidCompositor/app/src/main/jni/GLIS/debug_BUILD/CMakeFiles/CMakeTmp

Run Build Command(s):/usr/bin/make cmTC_caedb/fast && make[2]: Entering directory '/home/smallville7123/AndroidCompositor/app/src/main/jni/GLIS/debug_BUILD/CMakeFiles/CMakeTmp'
/usr/bin/make -f CMakeFiles/cmTC_caedb.dir/build.make CMakeFiles/cmTC_caedb.dir/build
make[3]: Entering directory '/home/smallville7123/AndroidCompositor/app/src/main/jni/GLIS/debug_BUILD/CMakeFiles/CMakeTmp'
Building C object CMakeFiles/cmTC_caedb.dir/CheckIncludeFile.c.o
/usr/bin/cc    -o CMakeFiles/cmTC_caedb.dir/CheckIncludeFile.c.o   -c /home/smallville7123/AndroidCompositor/app/src/main/jni/GLIS/debug_BUILD/CMakeFiles/CMakeTmp/CheckIncludeFile.c
Linking C executable cmTC_caedb
/usr/bin/cmake -E cmake_link_script CMakeFiles/cmTC_caedb.dir/link.txt --verbose=1
/usr/bin/cc      -rdynamic CMakeFiles/cmTC_caedb.dir/CheckIncludeFile.c.o  -o cmTC_caedb 
make[3]: Leaving directory '/home/smallville7123/AndroidCompositor/app/src/main/jni/GLIS/debug_BUILD/CMakeFiles/CMakeTmp'
make[2]: Leaving directory '/home/smallville7123/AndroidCompositor/app/src/main/jni/GLIS/debug_BUILD/CMakeFiles/CMakeTmp'



Determining if the function pthread_create exists in the pthread passed with the following output:
Change Dir: /home/smallville7123/AndroidCompositor/app/src/main/jni/GLIS/debug_BUILD/CMakeFiles/CMakeTmp

Run Build Command(s):/usr/bin/make cmTC_6361a/fast && make[2]: Entering directory '/home/smallville7123/AndroidCompositor/app/src/main/jni/GLIS/debug_BUILD/CMakeFiles/CMakeTmp'
/usr/bin/make -f CMakeFiles/cmTC_6361a.dir/build.make CMakeFiles/cmTC_6361a.dir/build
make[3]: Entering directory '/home/smallville7123/AndroidCompositor/app/src/main/jni/GLIS/debug_BUILD/CMakeFiles/CMakeTmp'
Building C object CMakeFiles/cmTC_6361a.dir/CheckFunctionExists.c.o
/usr/bin/cc   -DCHECK_FUNCTION_EXISTS=pthread_create   -o CMakeFiles/cmTC_6361a.dir/CheckFunctionExists.c.o   -c /usr/share/cmake-3.16/Modules/CheckFunctionExists.c
Linking C executable cmTC_6361a
/usr/bin/cmake -E cmake_link_script CMakeFiles/cmTC_6361a.dir/link.txt --verbose=1
/usr/bin/cc  -DCHECK_FUNCTION_EXISTS=pthread_create    -rdynamic CMakeFiles/cmTC_6361a.dir/CheckFunctionExists.c.o  -o cmTC_6361a  -lpthread 
make[3]: Leaving directory '/home/smallville7123/AndroidCompositor/app/src/main/jni/GLIS/debug_BUILD/CMakeFiles/CMakeTmp'
make[2]: Leaving directory '/home/smallville7123/AndroidCompositor/app/src/main/jni/GLIS/debug_BUILD/CMakeFiles/CMakeTmp'



Determining if the include file unistd.h exists passed with the following output:
Change Dir: /home/smallville7123/AndroidCompositor/app/src/main/jni/GLIS/debug_BUILD/CMakeFiles/CMakeTmp

Run Build Command(s):/usr/bin/make cmTC_e2654/fast && make[2]: Entering directory '/home/smallville7123/AndroidCompositor/app/src/main/jni/GLIS/debug_BUILD/CMakeFiles/CMakeTmp'
/usr/bin/make -f CMakeFiles/cmTC_e2654.dir/build.make CMakeFiles/cmTC_e2654.dir/build
make[3]: Entering directory '/home/smallville7123/AndroidCompositor/app/src/main/jni/GLIS/debug_BUILD/CMakeFiles/CMakeTmp'
Building C object CMakeFiles/cmTC_e2654.dir/CheckIncludeFile.c.o
/usr/bin/cc    -o CMakeFiles/cmTC_e2654.dir/CheckIncludeFile.c.o   -c /home/smallville7123/AndroidCompositor/app/src/main/jni/GLIS/debug_BUILD/CMakeFiles/CMakeTmp/CheckIncludeFile.c
Linking C executable cmTC_e2654
/usr/bin/cmake -E cmake_link_script CMakeFiles/cmTC_e2654.dir/link.txt --verbose=1
/usr/bin/cc      -rdynamic CMakeFiles/cmTC_e2654.dir/CheckIncludeFile.c.o  -o cmTC_e2654 
make[3]: Leaving directory '/home/smallville7123/AndroidCompositor/app/src/main/jni/GLIS/debug_BUILD/CMakeFiles/CMakeTmp'
make[2]: Leaving directory '/home/smallville7123/AndroidCompositor/app/src/main/jni/GLIS/debug_BUILD/CMakeFiles/CMakeTmp'



Determining if the include file fcntl.h exists passed with the following output:
Change Dir: /home/smallville7123/AndroidCompositor/app/src/main/jni/GLIS/debug_BUILD/CMakeFiles/CMakeTmp

Run Build Command(s):/usr/bin/make cmTC_ae549/fast && make[2]: Entering directory '/home/smallville7123/AndroidCompositor/app/src/main/jni/GLIS/debug_BUILD/CMakeFiles/CMakeTmp'
/usr/bin/make -f CMakeFiles/cmTC_ae549.dir/build.make CMakeFiles/cmTC_ae549.dir/build
make[3]: Entering directory '/home/smallville7123/AndroidCompositor/app/src/main/jni/GLIS/debug_BUILD/CMakeFiles/CMakeTmp'
Building C object CMakeFiles/cmTC_ae549.dir/CheckIncludeFile.c.o
/usr/bin/cc    -o CMakeFiles/cmTC_ae549.dir/CheckIncludeFile.c.o   -c /home/smallville7123/AndroidCompositor/app/src/main/jni/GLIS/debug_BUILD/CMakeFiles/CMakeTmp/CheckIncludeFile.c
Linking C executable cmTC_ae549
/usr/bin/cmake -E cmake_link_script CMakeFiles/cmTC_ae549.dir/link.txt --verbose=1
/usr/bin/cc      -rdynamic CMakeFiles/cmTC_ae549.dir/CheckIncludeFile.c.o  -o cmTC_ae549 
make[3]: Leaving directory '/home/smallville7123/AndroidCompositor/app/src/main/jni/GLIS/debug_BUILD/CMakeFiles/CMakeTmp'
make[2]: Leaving directory '/home/smallville7123/AndroidCompositor/app/src/main/jni/GLIS/debug_BUILD/CMakeFiles/CMakeTmp'



Determining if the include file stdint.h exists passed with the following output:
Change Dir: /home/smallville7123/AndroidCompositor/app/src/main/jni/GLIS/debug_BUILD/CMakeFiles/CMakeTmp

Run Build Command(s):/usr/bin/make cmTC_7dc02/fast && make[2]: Entering directory '/home/smallville7123/AndroidCompositor/app/src/main/jni/GLIS/debug_BUILD/CMakeFiles/CMakeTmp'
/usr/bin/make -f CMakeFiles/cmTC_7dc02.dir/build.make CMakeFiles/cmTC_7dc02.dir/build
make[3]: Entering directory '/home/smallville7123/AndroidCompositor/app/src/main/jni/GLIS/debug_BUILD/CMakeFiles/CMakeTmp'
Building C object CMakeFiles/cmTC_7dc02.dir/CheckIncludeFile.c.o
/usr/bin/cc    -o CMakeFiles/cmTC_7dc02.dir/CheckIncludeFile.c.o   -c /home/smallville7123/AndroidCompositor/app/src/main/jni/GLIS/debug_BUILD/CMakeFiles/CMakeTmp/CheckIncludeFile.c
Linking C executable cmTC_7dc02
/usr/bin/cmake -E cmake_link_script CMakeFiles/cmTC_7dc02.dir/link.txt --verbose=1
/usr/bin/cc      -rdynamic CMakeFiles/cmTC_7dc02.dir/CheckIncludeFile.c.o  -o cmTC_7dc02 
make[3]: Leaving directory '/home/smallville7123/AndroidCompositor/app/src/main/jni/GLIS/debug_BUILD/CMakeFiles/CMakeTmp'
make[2]: Leaving directory '/home/smallville7123/AndroidCompositor/app/src/main/jni/GLIS/debug_BUILD/CMakeFiles/CMakeTmp'



Determining if the include file sys/types.h exists passed with the following output:
Change Dir: /home/smallville7123/AndroidCompositor/app/src/main/jni/GLIS/debug_BUILD/CMakeFiles/CMakeTmp

Run Build Command(s):/usr/bin/make cmTC_97ed6/fast && make[2]: Entering directory '/home/smallville7123/AndroidCompositor/app/src/main/jni/GLIS/debug_BUILD/CMakeFiles/CMakeTmp'
/usr/bin/make -f CMakeFiles/cmTC_97ed6.dir/build.make CMakeFiles/cmTC_97ed6.dir/build
make[3]: Entering directory '/home/smallville7123/AndroidCompositor/app/src/main/jni/GLIS/debug_BUILD/CMakeFiles/CMakeTmp'
Building C object CMakeFiles/cmTC_97ed6.dir/CheckIncludeFile.c.o
/usr/bin/cc    -o CMakeFiles/cmTC_97ed6.dir/CheckIncludeFile.c.o   -c /home/smallville7123/AndroidCompositor/app/src/main/jni/GLIS/debug_BUILD/CMakeFiles/CMakeTmp/CheckIncludeFile.c
Linking C executable cmTC_97ed6
/usr/bin/cmake -E cmake_link_script CMakeFiles/cmTC_97ed6.dir/link.txt --verbose=1
/usr/bin/cc      -rdynamic CMakeFiles/cmTC_97ed6.dir/CheckIncludeFile.c.o  -o cmTC_97ed6 
make[3]: Leaving directory '/home/smallville7123/AndroidCompositor/app/src/main/jni/GLIS/debug_BUILD/CMakeFiles/CMakeTmp'
make[2]: Leaving directory '/home/smallville7123/AndroidCompositor/app/src/main/jni/GLIS/debug_BUILD/CMakeFiles/CMakeTmp'



Determining if the include file stddef.h exists passed with the following output:
Change Dir: /home/smallville7123/AndroidCompositor/app/src/main/jni/GLIS/debug_BUILD/CMakeFiles/CMakeTmp

Run Build Command(s):/usr/bin/make cmTC_acebc/fast && make[2]: Entering directory '/home/smallville7123/AndroidCompositor/app/src/main/jni/GLIS/debug_BUILD/CMakeFiles/CMakeTmp'
/usr/bin/make -f CMakeFiles/cmTC_acebc.dir/build.make CMakeFiles/cmTC_acebc.dir/build
make[3]: Entering directory '/home/smallville7123/AndroidCompositor/app/src/main/jni/GLIS/debug_BUILD/CMakeFiles/CMakeTmp'
Building C object CMakeFiles/cmTC_acebc.dir/CheckIncludeFile.c.o
/usr/bin/cc    -o CMakeFiles/cmTC_acebc.dir/CheckIncludeFile.c.o   -c /home/smallville7123/AndroidCompositor/app/src/main/jni/GLIS/debug_BUILD/CMakeFiles/CMakeTmp/CheckIncludeFile.c
Linking C executable cmTC_acebc
/usr/bin/cmake -E cmake_link_script CMakeFiles/cmTC_acebc.dir/link.txt --verbose=1
/usr/bin/cc      -rdynamic CMakeFiles/cmTC_acebc.dir/CheckIncludeFile.c.o  -o cmTC_acebc 
make[3]: Leaving directory '/home/smallville7123/AndroidCompositor/app/src/main/jni/GLIS/debug_BUILD/CMakeFiles/CMakeTmp'
make[2]: Leaving directory '/home/smallville7123/AndroidCompositor/app/src/main/jni/GLIS/debug_BUILD/CMakeFiles/CMakeTmp'



Determining size of long passed with the following output:
Change Dir: /home/smallville7123/AndroidCompositor/app/src/main/jni/GLIS/debug_BUILD/CMakeFiles/CMakeTmp

Run Build Command(s):/usr/bin/make cmTC_6989d/fast && make[2]: Entering directory '/home/smallville7123/AndroidCompositor/app/src/main/jni/GLIS/debug_BUILD/CMakeFiles/CMakeTmp'
/usr/bin/make -f CMakeFiles/cmTC_6989d.dir/build.make CMakeFiles/cmTC_6989d.dir/build
make[3]: Entering directory '/home/smallville7123/AndroidCompositor/app/src/main/jni/GLIS/debug_BUILD/CMakeFiles/CMakeTmp'
Building C object CMakeFiles/cmTC_6989d.dir/SIZEOF_LONG.c.o
/usr/bin/cc    -o CMakeFiles/cmTC_6989d.dir/SIZEOF_LONG.c.o   -c /home/smallville7123/AndroidCompositor/app/src/main/jni/GLIS/debug_BUILD/CMakeFiles/CheckTypeSize/SIZEOF_LONG.c
Linking C executable cmTC_6989d
/usr/bin/cmake -E cmake_link_script CMakeFiles/cmTC_6989d.dir/link.txt --verbose=1
/usr/bin/cc      -rdynamic CMakeFiles/cmTC_6989d.dir/SIZEOF_LONG.c.o  -o cmTC_6989d 
make[3]: Leaving directory '/home/smallville7123/AndroidCompositor/app/src/main/jni/GLIS/debug_BUILD/CMakeFiles/CMakeTmp'
make[2]: Leaving directory '/home/smallville7123/AndroidCompositor/app/src/main/jni/GLIS/debug_BUILD/CMakeFiles/CMakeTmp'



Determining if the posix_memalign exist passed with the following output:
Change Dir: /home/smallville7123/AndroidCompositor/app/src/main/jni/GLIS/debug_BUILD/CMakeFiles/CMakeTmp

Run Build Command(s):/usr/bin/make cmTC_1c5b9/fast && make[2]: Entering directory '/home/smallville7123/AndroidCompositor/app/src/main/jni/GLIS/debug_BUILD/CMakeFiles/CMakeTmp'
/usr/bin/make -f CMakeFiles/cmTC_1c5b9.dir/build.make CMakeFiles/cmTC_1c5b9.dir/build
make[3]: Entering directory '/home/smallville7123/AndroidCompositor/app/src/main/jni/GLIS/debug_BUILD/CMakeFiles/CMakeTmp'
Building C object CMakeFiles/cmTC_1c5b9.dir/CheckSymbolExists.c.o
/usr/bin/cc    -o CMakeFiles/cmTC_1c5b9.dir/CheckSymbolExists.c.o   -c /home/smallville7123/AndroidCompositor/app/src/main/jni/GLIS/debug_BUILD/CMakeFiles/CMakeTmp/CheckSymbolExists.c
Linking C executable cmTC_1c5b9
/usr/bin/cmake -E cmake_link_script CMakeFiles/cmTC_1c5b9.dir/link.txt --verbose=1
/usr/bin/cc      -rdynamic CMakeFiles/cmTC_1c5b9.dir/CheckSymbolExists.c.o  -o cmTC_1c5b9 
make[3]: Leaving directory '/home/smallville7123/AndroidCompositor/app/src/main/jni/GLIS/debug_BUILD/CMakeFiles/CMakeTmp'
make[2]: Leaving directory '/home/smallville7123/AndroidCompositor/app/src/main/jni/GLIS/debug_BUILD/CMakeFiles/CMakeTmp'


File /home/smallville7123/AndroidCompositor/app/src/main/jni/GLIS/debug_BUILD/CMakeFiles/CMakeTmp/CheckSymbolExists.c:
/* */
#include <stdlib.h>

int main(int argc, char** argv)
{
  (void)argv;
#ifndef posix_memalign
  return ((int*)(&posix_memalign))[argc];
#else
  (void)argc;
  return 0;
#endif
}
Performing C++ SOURCE FILE Test HAVE___RESTRICT succeeded with the following output:
Change Dir: /home/smallville7123/AndroidCompositor/app/src/main/jni/GLIS/debug_BUILD/CMakeFiles/CMakeTmp

Run Build Command(s):/usr/bin/make cmTC_15ad9/fast && make[2]: Entering directory '/home/smallville7123/AndroidCompositor/app/src/main/jni/GLIS/debug_BUILD/CMakeFiles/CMakeTmp'
/usr/bin/make -f CMakeFiles/cmTC_15ad9.dir/build.make CMakeFiles/cmTC_15ad9.dir/build
make[3]: Entering directory '/home/smallville7123/AndroidCompositor/app/src/main/jni/GLIS/debug_BUILD/CMakeFiles/CMakeTmp'
Building CXX object CMakeFiles/cmTC_15ad9.dir/src.cxx.o
/usr/bin/c++    -DHAVE___RESTRICT   -o CMakeFiles/cmTC_15ad9.dir/src.cxx.o -c /home/smallville7123/AndroidCompositor/app/src/main/jni/GLIS/debug_BUILD/CMakeFiles/CMakeTmp/src.cxx
Linking CXX executable cmTC_15ad9
/usr/bin/cmake -E cmake_link_script CMakeFiles/cmTC_15ad9.dir/link.txt --verbose=1
/usr/bin/c++   -DHAVE___RESTRICT    -rdynamic CMakeFiles/cmTC_15ad9.dir/src.cxx.o  -o cmTC_15ad9 
make[3]: Leaving directory '/home/smallville7123/AndroidCompositor/app/src/main/jni/GLIS/debug_BUILD/CMakeFiles/CMakeTmp'
make[2]: Leaving directory '/home/smallville7123/AndroidCompositor/app/src/main/jni/GLIS/debug_BUILD/CMakeFiles/CMakeTmp'


Source file was:
int *__restrict foo;
int main() { return 0; }
Performing C++ SOURCE FILE Test HAVE_LIBATOMIC succeeded with the following output:
Change Dir: /home/smallville7123/AndroidCompositor/app/src/main/jni/GLIS/debug_BUILD/CMakeFiles/CMakeTmp

Run Build Command(s):/usr/bin/make cmTC_22698/fast && make[2]: Entering directory '/home/smallville7123/AndroidCompositor/app/src/main/jni/GLIS/debug_BUILD/CMakeFiles/CMakeTmp'
/usr/bin/make -f CMakeFiles/cmTC_22698.dir/build.make CMakeFiles/cmTC_22698.dir/build
make[3]: Entering directory '/home/smallville7123/AndroidCompositor/app/src/main/jni/GLIS/debug_BUILD/CMakeFiles/CMakeTmp'
Building CXX object CMakeFiles/cmTC_22698.dir/src.cxx.o
/usr/bin/c++    -DHAVE_LIBATOMIC   -o CMakeFiles/cmTC_22698.dir/src.cxx.o -c /home/smallville7123/AndroidCompositor/app/src/main/jni/GLIS/debug_BUILD/CMakeFiles/CMakeTmp/src.cxx
Linking CXX executable cmTC_22698
/usr/bin/cmake -E cmake_link_script CMakeFiles/cmTC_22698.dir/link.txt --verbose=1
/usr/bin/c++   -DHAVE_LIBATOMIC    -rdynamic CMakeFiles/cmTC_22698.dir/src.cxx.o  -o cmTC_22698  -latomic 
make[3]: Leaving directory '/home/smallville7123/AndroidCompositor/app/src/main/jni/GLIS/debug_BUILD/CMakeFiles/CMakeTmp'
make[2]: Leaving directory '/home/smallville7123/AndroidCompositor/app/src/main/jni/GLIS/debug_BUILD/CMakeFiles/CMakeTmp'


Source file was:
#include <atomic>
std::atomic<int> foo{0};
int main() { return foo.fetch_add(2); }
Performing C SOURCE FILE Test HAVE_FNO_MATH_ERRNO succeeded with the following output:
Change Dir: /home/smallville7123/AndroidCompositor/app/src/main/jni/GLIS/debug_BUILD/CMakeFiles/CMakeTmp

Run Build Command(s):/usr/bin/make cmTC_89bf1/fast && make[2]: Entering directory '/home/smallville7123/AndroidCompositor/app/src/main/jni/GLIS/debug_BUILD/CMakeFiles/CMakeTmp'
/usr/bin/make -f CMakeFiles/cmTC_89bf1.dir/build.make CMakeFiles/cmTC_89bf1.dir/build
make[3]: Entering directory '/home/smallville7123/AndroidCompositor/app/src/main/jni/GLIS/debug_BUILD/CMakeFiles/CMakeTmp'
Building C object CMakeFiles/cmTC_89bf1.dir/src.c.o
/usr/bin/cc   -DHAVE_FNO_MATH_ERRNO   -fno-math-errno -o CMakeFiles/cmTC_89bf1.dir/src.c.o   -c /home/smallville7123/AndroidCompositor/app/src/main/jni/GLIS/debug_BUILD/CMakeFiles/CMakeTmp/src.c
Linking C executable cmTC_89bf1
/usr/bin/cmake -E cmake_link_script CMakeFiles/cmTC_89bf1.dir/link.txt --verbose=1
/usr/bin/cc  -DHAVE_FNO_MATH_ERRNO    -rdynamic CMakeFiles/cmTC_89bf1.dir/src.c.o  -o cmTC_89bf1  -latomic 
make[3]: Leaving directory '/home/smallville7123/AndroidCompositor/app/src/main/jni/GLIS/debug_BUILD/CMakeFiles/CMakeTmp'
make[2]: Leaving directory '/home/smallville7123/AndroidCompositor/app/src/main/jni/GLIS/debug_BUILD/CMakeFiles/CMakeTmp'


Source file was:
int main(void) { return 0; }
Performing C SOURCE FILE Test HAVE_GCC_PROTECTED_VISIBILITY succeeded with the following output:
Change Dir: /home/smallville7123/AndroidCompositor/app/src/main/jni/GLIS/debug_BUILD/CMakeFiles/CMakeTmp

Run Build Command(s):/usr/bin/make cmTC_ab4ce/fast && make[2]: Entering directory '/home/smallville7123/AndroidCompositor/app/src/main/jni/GLIS/debug_BUILD/CMakeFiles/CMakeTmp'
/usr/bin/make -f CMakeFiles/cmTC_ab4ce.dir/build.make CMakeFiles/cmTC_ab4ce.dir/build
make[3]: Entering directory '/home/smallville7123/AndroidCompositor/app/src/main/jni/GLIS/debug_BUILD/CMakeFiles/CMakeTmp'
Building C object CMakeFiles/cmTC_ab4ce.dir/src.c.o
/usr/bin/cc   -DHAVE_GCC_PROTECTED_VISIBILITY  -Wattributes -Werror   -o CMakeFiles/cmTC_ab4ce.dir/src.c.o   -c /home/smallville7123/AndroidCompositor/app/src/main/jni/GLIS/debug_BUILD/CMakeFiles/CMakeTmp/src.c
Linking C executable cmTC_ab4ce
/usr/bin/cmake -E cmake_link_script CMakeFiles/cmTC_ab4ce.dir/link.txt --verbose=1
/usr/bin/cc  -DHAVE_GCC_PROTECTED_VISIBILITY  -Wattributes -Werror    -rdynamic CMakeFiles/cmTC_ab4ce.dir/src.c.o  -o cmTC_ab4ce  -latomic 
make[3]: Leaving directory '/home/smallville7123/AndroidCompositor/app/src/main/jni/GLIS/debug_BUILD/CMakeFiles/CMakeTmp'
make[2]: Leaving directory '/home/smallville7123/AndroidCompositor/app/src/main/jni/GLIS/debug_BUILD/CMakeFiles/CMakeTmp'


Source file was:
int foo() __attribute__((visibility("protected")));
                             int main() {return 0;}
Performing C SOURCE FILE Test HAVE_VISIBILITY_HIDDEN_SWITCH succeeded with the following output:
Change Dir: /home/smallville7123/AndroidCompositor/app/src/main/jni/GLIS/debug_BUILD/CMakeFiles/CMakeTmp

Run Build Command(s):/usr/bin/make cmTC_cc968/fast && make[2]: Entering directory '/home/smallville7123/AndroidCompositor/app/src/main/jni/GLIS/debug_BUILD/CMakeFiles/CMakeTmp'
/usr/bin/make -f CMakeFiles/cmTC_cc968.dir/build.make CMakeFiles/cmTC_cc968.dir/build
make[3]: Entering directory '/home/smallville7123/AndroidCompositor/app/src/main/jni/GLIS/debug_BUILD/CMakeFiles/CMakeTmp'
Building C object CMakeFiles/cmTC_cc968.dir/src.c.o
/usr/bin/cc   -DHAVE_VISIBILITY_HIDDEN_SWITCH  -Wattributes -Werror   -fvisibility=hidden -o CMakeFiles/cmTC_cc968.dir/src.c.o   -c /home/smallville7123/AndroidCompositor/app/src/main/jni/GLIS/debug_BUILD/CMakeFiles/CMakeTmp/src.c
Linking C executable cmTC_cc968
/usr/bin/cmake -E cmake_link_script CMakeFiles/cmTC_cc968.dir/link.txt --verbose=1
/usr/bin/cc  -DHAVE_VISIBILITY_HIDDEN_SWITCH  -Wattributes -Werror    -rdynamic CMakeFiles/cmTC_cc968.dir/src.c.o  -o cmTC_cc968  -latomic 
make[3]: Leaving directory '/home/smallville7123/AndroidCompositor/app/src/main/jni/GLIS/debug_BUILD/CMakeFiles/CMakeTmp'
make[2]: Leaving directory '/home/smallville7123/AndroidCompositor/app/src/main/jni/GLIS/debug_BUILD/CMakeFiles/CMakeTmp'


Source file was:
int main(void) { return 0; }
Performing C SOURCE FILE Test HAVE_MSSE2_SWITCH succeeded with the following output:
Change Dir: /home/smallville7123/AndroidCompositor/app/src/main/jni/GLIS/debug_BUILD/CMakeFiles/CMakeTmp

Run Build Command(s):/usr/bin/make cmTC_187e5/fast && make[2]: Entering directory '/home/smallville7123/AndroidCompositor/app/src/main/jni/GLIS/debug_BUILD/CMakeFiles/CMakeTmp'
/usr/bin/make -f CMakeFiles/cmTC_187e5.dir/build.make CMakeFiles/cmTC_187e5.dir/build
make[3]: Entering directory '/home/smallville7123/AndroidCompositor/app/src/main/jni/GLIS/debug_BUILD/CMakeFiles/CMakeTmp'
Building C object CMakeFiles/cmTC_187e5.dir/src.c.o
/usr/bin/cc   -DHAVE_MSSE2_SWITCH  -Werror   -msse2 -o CMakeFiles/cmTC_187e5.dir/src.c.o   -c /home/smallville7123/AndroidCompositor/app/src/main/jni/GLIS/debug_BUILD/CMakeFiles/CMakeTmp/src.c
Linking C executable cmTC_187e5
/usr/bin/cmake -E cmake_link_script CMakeFiles/cmTC_187e5.dir/link.txt --verbose=1
/usr/bin/cc  -DHAVE_MSSE2_SWITCH  -Werror    -rdynamic CMakeFiles/cmTC_187e5.dir/src.c.o  -o cmTC_187e5  -latomic 
make[3]: Leaving directory '/home/smallville7123/AndroidCompositor/app/src/main/jni/GLIS/debug_BUILD/CMakeFiles/CMakeTmp'
make[2]: Leaving directory '/home/smallville7123/AndroidCompositor/app/src/main/jni/GLIS/debug_BUILD/CMakeFiles/CMakeTmp'


Source file was:
int main(void) { return 0; }
Performing C SOURCE FILE Test HAVE_MSSE3_SWITCH succeeded with the following output:
Change Dir: /home/smallville7123/AndroidCompositor/app/src/main/jni/GLIS/debug_BUILD/CMakeFiles/CMakeTmp

Run Build Command(s):/usr/bin/make cmTC_19086/fast && make[2]: Entering directory '/home/smallville7123/AndroidCompositor/app/src/main/jni/GLIS/debug_BUILD/CMakeFiles/CMakeTmp'
/usr/bin/make -f CMakeFiles/cmTC_19086.dir/build.make CMakeFiles/cmTC_19086.dir/build
make[3]: Entering directory '/home/smallville7123/AndroidCompositor/app/src/main/jni/GLIS/debug_BUILD/CMakeFiles/CMakeTmp'
Building C object CMakeFiles/cmTC_19086.dir/src.c.o
/usr/bin/cc   -DHAVE_MSSE3_SWITCH  -Werror   -msse3 -o CMakeFiles/cmTC_19086.dir/src.c.o   -c /home/smallville7123/AndroidCompositor/app/src/main/jni/GLIS/debug_BUILD/CMakeFiles/CMakeTmp/src.c
Linking C executable cmTC_19086
/usr/bin/cmake -E cmake_link_script CMakeFiles/cmTC_19086.dir/link.txt --verbose=1
/usr/bin/cc  -DHAVE_MSSE3_SWITCH  -Werror    -rdynamic CMakeFiles/cmTC_19086.dir/src.c.o  -o cmTC_19086  -latomic 
make[3]: Leaving directory '/home/smallville7123/AndroidCompositor/app/src/main/jni/GLIS/debug_BUILD/CMakeFiles/CMakeTmp'
make[2]: Leaving directory '/home/smallville7123/AndroidCompositor/app/src/main/jni/GLIS/debug_BUILD/CMakeFiles/CMakeTmp'


Source file was:
int main(void) { return 0; }
Performing C SOURCE FILE Test HAVE_MSSE4_1_SWITCH succeeded with the following output:
Change Dir: /home/smallville7123/AndroidCompositor/app/src/main/jni/GLIS/debug_BUILD/CMakeFiles/CMakeTmp

Run Build Command(s):/usr/bin/make cmTC_e07fb/fast && make[2]: Entering directory '/home/smallville7123/AndroidCompositor/app/src/main/jni/GLIS/debug_BUILD/CMakeFiles/CMakeTmp'
/usr/bin/make -f CMakeFiles/cmTC_e07fb.dir/build.make CMakeFiles/cmTC_e07fb.dir/build
make[3]: Entering directory '/home/smallville7123/AndroidCompositor/app/src/main/jni/GLIS/debug_BUILD/CMakeFiles/CMakeTmp'
Building C object CMakeFiles/cmTC_e07fb.dir/src.c.o
/usr/bin/cc   -DHAVE_MSSE4_1_SWITCH  -Werror   -msse4.1 -o CMakeFiles/cmTC_e07fb.dir/src.c.o   -c /home/smallville7123/AndroidCompositor/app/src/main/jni/GLIS/debug_BUILD/CMakeFiles/CMakeTmp/src.c
Linking C executable cmTC_e07fb
/usr/bin/cmake -E cmake_link_script CMakeFiles/cmTC_e07fb.dir/link.txt --verbose=1
/usr/bin/cc  -DHAVE_MSSE4_1_SWITCH  -Werror    -rdynamic CMakeFiles/cmTC_e07fb.dir/src.c.o  -o cmTC_e07fb  -latomic 
make[3]: Leaving directory '/home/smallville7123/AndroidCompositor/app/src/main/jni/GLIS/debug_BUILD/CMakeFiles/CMakeTmp'
make[2]: Leaving directory '/home/smallville7123/AndroidCompositor/app/src/main/jni/GLIS/debug_BUILD/CMakeFiles/CMakeTmp'


Source file was:
int main(void) { return 0; }
Determining if the include file xmmintrin.h exists passed with the following output:
Change Dir: /home/smallville7123/AndroidCompositor/app/src/main/jni/GLIS/debug_BUILD/CMakeFiles/CMakeTmp

Run Build Command(s):/usr/bin/make cmTC_b6e69/fast && make[2]: Entering directory '/home/smallville7123/AndroidCompositor/app/src/main/jni/GLIS/debug_BUILD/CMakeFiles/CMakeTmp'
/usr/bin/make -f CMakeFiles/cmTC_b6e69.dir/build.make CMakeFiles/cmTC_b6e69.dir/build
make[3]: Entering directory '/home/smallville7123/AndroidCompositor/app/src/main/jni/GLIS/debug_BUILD/CMakeFiles/CMakeTmp'
Building C object CMakeFiles/cmTC_b6e69.dir/CheckIncludeFile.c.o
/usr/bin/cc   -msse2    -o CMakeFiles/cmTC_b6e69.dir/CheckIncludeFile.c.o   -c /home/smallville7123/AndroidCompositor/app/src/main/jni/GLIS/debug_BUILD/CMakeFiles/CMakeTmp/CheckIncludeFile.c
Linking C executable cmTC_b6e69
/usr/bin/cmake -E cmake_link_script CMakeFiles/cmTC_b6e69.dir/link.txt --verbose=1
/usr/bin/cc  -msse2     -rdynamic CMakeFiles/cmTC_b6e69.dir/CheckIncludeFile.c.o  -o cmTC_b6e69  -latomic 
make[3]: Leaving directory '/home/smallville7123/AndroidCompositor/app/src/main/jni/GLIS/debug_BUILD/CMakeFiles/CMakeTmp'
make[2]: Leaving directory '/home/smallville7123/AndroidCompositor/app/src/main/jni/GLIS/debug_BUILD/CMakeFiles/CMakeTmp'



Determining if the include file emmintrin.h exists passed with the following output:
Change Dir: /home/smallville7123/AndroidCompositor/app/src/main/jni/GLIS/debug_BUILD/CMakeFiles/CMakeTmp

Run Build Command(s):/usr/bin/make cmTC_24082/fast && make[2]: Entering directory '/home/smallville7123/AndroidCompositor/app/src/main/jni/GLIS/debug_BUILD/CMakeFiles/CMakeTmp'
/usr/bin/make -f CMakeFiles/cmTC_24082.dir/build.make CMakeFiles/cmTC_24082.dir/build
make[3]: Entering directory '/home/smallville7123/AndroidCompositor/app/src/main/jni/GLIS/debug_BUILD/CMakeFiles/CMakeTmp'
Building C object CMakeFiles/cmTC_24082.dir/CheckIncludeFile.c.o
/usr/bin/cc   -msse2    -o CMakeFiles/cmTC_24082.dir/CheckIncludeFile.c.o   -c /home/smallville7123/AndroidCompositor/app/src/main/jni/GLIS/debug_BUILD/CMakeFiles/CMakeTmp/CheckIncludeFile.c
Linking C executable cmTC_24082
/usr/bin/cmake -E cmake_link_script CMakeFiles/cmTC_24082.dir/link.txt --verbose=1
/usr/bin/cc  -msse2     -rdynamic CMakeFiles/cmTC_24082.dir/CheckIncludeFile.c.o  -o cmTC_24082  -latomic 
make[3]: Leaving directory '/home/smallville7123/AndroidCompositor/app/src/main/jni/GLIS/debug_BUILD/CMakeFiles/CMakeTmp'
make[2]: Leaving directory '/home/smallville7123/AndroidCompositor/app/src/main/jni/GLIS/debug_BUILD/CMakeFiles/CMakeTmp'



Determining if the include file pmmintrin.h exists passed with the following output:
Change Dir: /home/smallville7123/AndroidCompositor/app/src/main/jni/GLIS/debug_BUILD/CMakeFiles/CMakeTmp

Run Build Command(s):/usr/bin/make cmTC_e2f5a/fast && make[2]: Entering directory '/home/smallville7123/AndroidCompositor/app/src/main/jni/GLIS/debug_BUILD/CMakeFiles/CMakeTmp'
/usr/bin/make -f CMakeFiles/cmTC_e2f5a.dir/build.make CMakeFiles/cmTC_e2f5a.dir/build
make[3]: Entering directory '/home/smallville7123/AndroidCompositor/app/src/main/jni/GLIS/debug_BUILD/CMakeFiles/CMakeTmp'
Building C object CMakeFiles/cmTC_e2f5a.dir/CheckIncludeFile.c.o
/usr/bin/cc   -msse3    -o CMakeFiles/cmTC_e2f5a.dir/CheckIncludeFile.c.o   -c /home/smallville7123/AndroidCompositor/app/src/main/jni/GLIS/debug_BUILD/CMakeFiles/CMakeTmp/CheckIncludeFile.c
Linking C executable cmTC_e2f5a
/usr/bin/cmake -E cmake_link_script CMakeFiles/cmTC_e2f5a.dir/link.txt --verbose=1
/usr/bin/cc  -msse3     -rdynamic CMakeFiles/cmTC_e2f5a.dir/CheckIncludeFile.c.o  -o cmTC_e2f5a  -latomic 
make[3]: Leaving directory '/home/smallville7123/AndroidCompositor/app/src/main/jni/GLIS/debug_BUILD/CMakeFiles/CMakeTmp'
make[2]: Leaving directory '/home/smallville7123/AndroidCompositor/app/src/main/jni/GLIS/debug_BUILD/CMakeFiles/CMakeTmp'



Determining if the include file smmintrin.h exists passed with the following output:
Change Dir: /home/smallville7123/AndroidCompositor/app/src/main/jni/GLIS/debug_BUILD/CMakeFiles/CMakeTmp

Run Build Command(s):/usr/bin/make cmTC_58837/fast && make[2]: Entering directory '/home/smallville7123/AndroidCompositor/app/src/main/jni/GLIS/debug_BUILD/CMakeFiles/CMakeTmp'
/usr/bin/make -f CMakeFiles/cmTC_58837.dir/build.make CMakeFiles/cmTC_58837.dir/build
make[3]: Entering directory '/home/smallville7123/AndroidCompositor/app/src/main/jni/GLIS/debug_BUILD/CMakeFiles/CMakeTmp'
Building C object CMakeFiles/cmTC_58837.dir/CheckIncludeFile.c.o
/usr/bin/cc   -msse4.1    -o CMakeFiles/cmTC_58837.dir/CheckIncludeFile.c.o   -c /home/smallville7123/AndroidCompositor/app/src/main/jni/GLIS/debug_BUILD/CMakeFiles/CMakeTmp/CheckIncludeFile.c
Linking C executable cmTC_58837
/usr/bin/cmake -E cmake_link_script CMakeFiles/cmTC_58837.dir/link.txt --verbose=1
/usr/bin/cc  -msse4.1     -rdynamic CMakeFiles/cmTC_58837.dir/CheckIncludeFile.c.o  -o cmTC_58837  -latomic 
make[3]: Leaving directory '/home/smallville7123/AndroidCompositor/app/src/main/jni/GLIS/debug_BUILD/CMakeFiles/CMakeTmp'
make[2]: Leaving directory '/home/smallville7123/AndroidCompositor/app/src/main/jni/GLIS/debug_BUILD/CMakeFiles/CMakeTmp'



Performing C SOURCE FILE Test HAVE_SSE_INTRINSICS succeeded with the following output:
Change Dir: /home/smallville7123/AndroidCompositor/app/src/main/jni/GLIS/debug_BUILD/CMakeFiles/CMakeTmp

Run Build Command(s):/usr/bin/make cmTC_269b3/fast && make[2]: Entering directory '/home/smallville7123/AndroidCompositor/app/src/main/jni/GLIS/debug_BUILD/CMakeFiles/CMakeTmp'
/usr/bin/make -f CMakeFiles/cmTC_269b3.dir/build.make CMakeFiles/cmTC_269b3.dir/build
make[3]: Entering directory '/home/smallville7123/AndroidCompositor/app/src/main/jni/GLIS/debug_BUILD/CMakeFiles/CMakeTmp'
Building C object CMakeFiles/cmTC_269b3.dir/src.c.o
/usr/bin/cc   -DHAVE_SSE_INTRINSICS   -o CMakeFiles/cmTC_269b3.dir/src.c.o   -c /home/smallville7123/AndroidCompositor/app/src/main/jni/GLIS/debug_BUILD/CMakeFiles/CMakeTmp/src.c
Linking C executable cmTC_269b3
/usr/bin/cmake -E cmake_link_script CMakeFiles/cmTC_269b3.dir/link.txt --verbose=1
/usr/bin/cc  -DHAVE_SSE_INTRINSICS    -rdynamic CMakeFiles/cmTC_269b3.dir/src.c.o  -o cmTC_269b3  -latomic 
make[3]: Leaving directory '/home/smallville7123/AndroidCompositor/app/src/main/jni/GLIS/debug_BUILD/CMakeFiles/CMakeTmp'
make[2]: Leaving directory '/home/smallville7123/AndroidCompositor/app/src/main/jni/GLIS/debug_BUILD/CMakeFiles/CMakeTmp'


Source file was:
#include <emmintrin.h>
                             int main() {_mm_pause(); return 0;}
Determining if the include file malloc.h exists passed with the following output:
Change Dir: /home/smallville7123/AndroidCompositor/app/src/main/jni/GLIS/debug_BUILD/CMakeFiles/CMakeTmp

Run Build Command(s):/usr/bin/make cmTC_df72a/fast && make[2]: Entering directory '/home/smallville7123/AndroidCompositor/app/src/main/jni/GLIS/debug_BUILD/CMakeFiles/CMakeTmp'
/usr/bin/make -f CMakeFiles/cmTC_df72a.dir/build.make CMakeFiles/cmTC_df72a.dir/build
make[3]: Entering directory '/home/smallville7123/AndroidCompositor/app/src/main/jni/GLIS/debug_BUILD/CMakeFiles/CMakeTmp'
Building C object CMakeFiles/cmTC_df72a.dir/CheckIncludeFile.c.o
/usr/bin/cc    -o CMakeFiles/cmTC_df72a.dir/CheckIncludeFile.c.o   -c /home/smallville7123/AndroidCompositor/app/src/main/jni/GLIS/debug_BUILD/CMakeFiles/CMakeTmp/CheckIncludeFile.c
Linking C executable cmTC_df72a
/usr/bin/cmake -E cmake_link_script CMakeFiles/cmTC_df72a.dir/link.txt --verbose=1
/usr/bin/cc      -rdynamic CMakeFiles/cmTC_df72a.dir/CheckIncludeFile.c.o  -o cmTC_df72a  -latomic 
make[3]: Leaving directory '/home/smallville7123/AndroidCompositor/app/src/main/jni/GLIS/debug_BUILD/CMakeFiles/CMakeTmp'
make[2]: Leaving directory '/home/smallville7123/AndroidCompositor/app/src/main/jni/GLIS/debug_BUILD/CMakeFiles/CMakeTmp'



Determining if the include file cpuid.h exists passed with the following output:
Change Dir: /home/smallville7123/AndroidCompositor/app/src/main/jni/GLIS/debug_BUILD/CMakeFiles/CMakeTmp

Run Build Command(s):/usr/bin/make cmTC_f97ae/fast && make[2]: Entering directory '/home/smallville7123/AndroidCompositor/app/src/main/jni/GLIS/debug_BUILD/CMakeFiles/CMakeTmp'
/usr/bin/make -f CMakeFiles/cmTC_f97ae.dir/build.make CMakeFiles/cmTC_f97ae.dir/build
make[3]: Entering directory '/home/smallville7123/AndroidCompositor/app/src/main/jni/GLIS/debug_BUILD/CMakeFiles/CMakeTmp'
Building C object CMakeFiles/cmTC_f97ae.dir/CheckIncludeFile.c.o
/usr/bin/cc    -o CMakeFiles/cmTC_f97ae.dir/CheckIncludeFile.c.o   -c /home/smallville7123/AndroidCompositor/app/src/main/jni/GLIS/debug_BUILD/CMakeFiles/CMakeTmp/CheckIncludeFile.c
Linking C executable cmTC_f97ae
/usr/bin/cmake -E cmake_link_script CMakeFiles/cmTC_f97ae.dir/link.txt --verbose=1
/usr/bin/cc      -rdynamic CMakeFiles/cmTC_f97ae.dir/CheckIncludeFile.c.o  -o cmTC_f97ae  -latomic 
make[3]: Leaving directory '/home/smallville7123/AndroidCompositor/app/src/main/jni/GLIS/debug_BUILD/CMakeFiles/CMakeTmp'
make[2]: Leaving directory '/home/smallville7123/AndroidCompositor/app/src/main/jni/GLIS/debug_BUILD/CMakeFiles/CMakeTmp'



Determining if the function pow exists in the m passed with the following output:
Change Dir: /home/smallville7123/AndroidCompositor/app/src/main/jni/GLIS/debug_BUILD/CMakeFiles/CMakeTmp

Run Build Command(s):/usr/bin/make cmTC_43bc0/fast && make[2]: Entering directory '/home/smallville7123/AndroidCompositor/app/src/main/jni/GLIS/debug_BUILD/CMakeFiles/CMakeTmp'
/usr/bin/make -f CMakeFiles/cmTC_43bc0.dir/build.make CMakeFiles/cmTC_43bc0.dir/build
make[3]: Entering directory '/home/smallville7123/AndroidCompositor/app/src/main/jni/GLIS/debug_BUILD/CMakeFiles/CMakeTmp'
Building C object CMakeFiles/cmTC_43bc0.dir/CheckFunctionExists.c.o
/usr/bin/cc   -DCHECK_FUNCTION_EXISTS=pow   -o CMakeFiles/cmTC_43bc0.dir/CheckFunctionExists.c.o   -c /usr/share/cmake-3.16/Modules/CheckFunctionExists.c
<command-line>: warning: conflicting types for built-in function pow; expected double(double,  double) [-Wbuiltin-declaration-mismatch]
/usr/share/cmake-3.16/Modules/CheckFunctionExists.c:7:3: note: in expansion of macro CHECK_FUNCTION_EXISTS
    7 |   CHECK_FUNCTION_EXISTS(void);
      |   ^~~~~~~~~~~~~~~~~~~~~
/usr/share/cmake-3.16/Modules/CheckFunctionExists.c:1:1: note: pow is declared in header <math.h>
  +++ |+#include <math.h>
    1 | #ifdef CHECK_FUNCTION_EXISTS
Linking C executable cmTC_43bc0
/usr/bin/cmake -E cmake_link_script CMakeFiles/cmTC_43bc0.dir/link.txt --verbose=1
/usr/bin/cc  -DCHECK_FUNCTION_EXISTS=pow    -rdynamic CMakeFiles/cmTC_43bc0.dir/CheckFunctionExists.c.o  -o cmTC_43bc0  -lm -latomic 
make[3]: Leaving directory '/home/smallville7123/AndroidCompositor/app/src/main/jni/GLIS/debug_BUILD/CMakeFiles/CMakeTmp'
make[2]: Leaving directory '/home/smallville7123/AndroidCompositor/app/src/main/jni/GLIS/debug_BUILD/CMakeFiles/CMakeTmp'



Determining if the function clock_gettime exists in the rt passed with the following output:
Change Dir: /home/smallville7123/AndroidCompositor/app/src/main/jni/GLIS/debug_BUILD/CMakeFiles/CMakeTmp

Run Build Command(s):/usr/bin/make cmTC_ec735/fast && make[2]: Entering directory '/home/smallville7123/AndroidCompositor/app/src/main/jni/GLIS/debug_BUILD/CMakeFiles/CMakeTmp'
/usr/bin/make -f CMakeFiles/cmTC_ec735.dir/build.make CMakeFiles/cmTC_ec735.dir/build
make[3]: Entering directory '/home/smallville7123/AndroidCompositor/app/src/main/jni/GLIS/debug_BUILD/CMakeFiles/CMakeTmp'
Building C object CMakeFiles/cmTC_ec735.dir/CheckFunctionExists.c.o
/usr/bin/cc   -DCHECK_FUNCTION_EXISTS=clock_gettime   -o CMakeFiles/cmTC_ec735.dir/CheckFunctionExists.c.o   -c /usr/share/cmake-3.16/Modules/CheckFunctionExists.c
Linking C executable cmTC_ec735
/usr/bin/cmake -E cmake_link_script CMakeFiles/cmTC_ec735.dir/link.txt --verbose=1
/usr/bin/cc  -DCHECK_FUNCTION_EXISTS=clock_gettime    -rdynamic CMakeFiles/cmTC_ec735.dir/CheckFunctionExists.c.o  -o cmTC_ec735  -lrt -latomic -lm 
make[3]: Leaving directory '/home/smallville7123/AndroidCompositor/app/src/main/jni/GLIS/debug_BUILD/CMakeFiles/CMakeTmp'
make[2]: Leaving directory '/home/smallville7123/AndroidCompositor/app/src/main/jni/GLIS/debug_BUILD/CMakeFiles/CMakeTmp'



Determining if the include file dlfcn.h exists passed with the following output:
Change Dir: /home/smallville7123/AndroidCompositor/app/src/main/jni/GLIS/debug_BUILD/CMakeFiles/CMakeTmp

Run Build Command(s):/usr/bin/make cmTC_04d34/fast && make[2]: Entering directory '/home/smallville7123/AndroidCompositor/app/src/main/jni/GLIS/debug_BUILD/CMakeFiles/CMakeTmp'
/usr/bin/make -f CMakeFiles/cmTC_04d34.dir/build.make CMakeFiles/cmTC_04d34.dir/build
make[3]: Entering directory '/home/smallville7123/AndroidCompositor/app/src/main/jni/GLIS/debug_BUILD/CMakeFiles/CMakeTmp'
Building C object CMakeFiles/cmTC_04d34.dir/CheckIncludeFile.c.o
/usr/bin/cc    -o CMakeFiles/cmTC_04d34.dir/CheckIncludeFile.c.o   -c /home/smallville7123/AndroidCompositor/app/src/main/jni/GLIS/debug_BUILD/CMakeFiles/CMakeTmp/CheckIncludeFile.c
Linking C executable cmTC_04d34
/usr/bin/cmake -E cmake_link_script CMakeFiles/cmTC_04d34.dir/link.txt --verbose=1
/usr/bin/cc      -rdynamic CMakeFiles/cmTC_04d34.dir/CheckIncludeFile.c.o  -o cmTC_04d34  -latomic -lm 
make[3]: Leaving directory '/home/smallville7123/AndroidCompositor/app/src/main/jni/GLIS/debug_BUILD/CMakeFiles/CMakeTmp'
make[2]: Leaving directory '/home/smallville7123/AndroidCompositor/app/src/main/jni/GLIS/debug_BUILD/CMakeFiles/CMakeTmp'



Determining if the function dlopen exists in the dl passed with the following output:
Change Dir: /home/smallville7123/AndroidCompositor/app/src/main/jni/GLIS/debug_BUILD/CMakeFiles/CMakeTmp

Run Build Command(s):/usr/bin/make cmTC_b6f54/fast && make[2]: Entering directory '/home/smallville7123/AndroidCompositor/app/src/main/jni/GLIS/debug_BUILD/CMakeFiles/CMakeTmp'
/usr/bin/make -f CMakeFiles/cmTC_b6f54.dir/build.make CMakeFiles/cmTC_b6f54.dir/build
make[3]: Entering directory '/home/smallville7123/AndroidCompositor/app/src/main/jni/GLIS/debug_BUILD/CMakeFiles/CMakeTmp'
Building C object CMakeFiles/cmTC_b6f54.dir/CheckFunctionExists.c.o
/usr/bin/cc   -DCHECK_FUNCTION_EXISTS=dlopen   -o CMakeFiles/cmTC_b6f54.dir/CheckFunctionExists.c.o   -c /usr/share/cmake-3.16/Modules/CheckFunctionExists.c
Linking C executable cmTC_b6f54
/usr/bin/cmake -E cmake_link_script CMakeFiles/cmTC_b6f54.dir/link.txt --verbose=1
/usr/bin/cc  -DCHECK_FUNCTION_EXISTS=dlopen    -rdynamic CMakeFiles/cmTC_b6f54.dir/CheckFunctionExists.c.o  -o cmTC_b6f54  -ldl -latomic -lm 
make[3]: Leaving directory '/home/smallville7123/AndroidCompositor/app/src/main/jni/GLIS/debug_BUILD/CMakeFiles/CMakeTmp'
make[2]: Leaving directory '/home/smallville7123/AndroidCompositor/app/src/main/jni/GLIS/debug_BUILD/CMakeFiles/CMakeTmp'



Performing C SOURCE FILE Test HAVE_GCC_GET_CPUID succeeded with the following output:
Change Dir: /home/smallville7123/AndroidCompositor/app/src/main/jni/GLIS/debug_BUILD/CMakeFiles/CMakeTmp

Run Build Command(s):/usr/bin/make cmTC_7c058/fast && make[2]: Entering directory '/home/smallville7123/AndroidCompositor/app/src/main/jni/GLIS/debug_BUILD/CMakeFiles/CMakeTmp'
/usr/bin/make -f CMakeFiles/cmTC_7c058.dir/build.make CMakeFiles/cmTC_7c058.dir/build
make[3]: Entering directory '/home/smallville7123/AndroidCompositor/app/src/main/jni/GLIS/debug_BUILD/CMakeFiles/CMakeTmp'
Building C object CMakeFiles/cmTC_7c058.dir/src.c.o
/usr/bin/cc   -DHAVE_GCC_GET_CPUID   -o CMakeFiles/cmTC_7c058.dir/src.c.o   -c /home/smallville7123/AndroidCompositor/app/src/main/jni/GLIS/debug_BUILD/CMakeFiles/CMakeTmp/src.c
Linking C executable cmTC_7c058
/usr/bin/cmake -E cmake_link_script CMakeFiles/cmTC_7c058.dir/link.txt --verbose=1
/usr/bin/cc  -DHAVE_GCC_GET_CPUID    -rdynamic CMakeFiles/cmTC_7c058.dir/src.c.o  -o cmTC_7c058  -latomic -lm -ldl 
make[3]: Leaving directory '/home/smallville7123/AndroidCompositor/app/src/main/jni/GLIS/debug_BUILD/CMakeFiles/CMakeTmp'
make[2]: Leaving directory '/home/smallville7123/AndroidCompositor/app/src/main/jni/GLIS/debug_BUILD/CMakeFiles/CMakeTmp'


Source file was:
#include <cpuid.h>
        int main()
        {
            unsigned int eax, ebx, ecx, edx;
            return __get_cpuid(0, &eax, &ebx, &ecx, &edx);
        }
Determining if the posix_memalign exist passed with the following output:
Change Dir: /home/smallville7123/AndroidCompositor/app/src/main/jni/GLIS/debug_BUILD/CMakeFiles/CMakeTmp

Run Build Command(s):/usr/bin/make cmTC_f8d7b/fast && make[2]: Entering directory '/home/smallville7123/AndroidCompositor/app/src/main/jni/GLIS/debug_BUILD/CMakeFiles/CMakeTmp'
/usr/bin/make -f CMakeFiles/cmTC_f8d7b.dir/build.make CMakeFiles/cmTC_f8d7b.dir/build
make[3]: Entering directory '/home/smallville7123/AndroidCompositor/app/src/main/jni/GLIS/debug_BUILD/CMakeFiles/CMakeTmp'
Building C object CMakeFiles/cmTC_f8d7b.dir/CheckSymbolExists.c.o
/usr/bin/cc    -o CMakeFiles/cmTC_f8d7b.dir/CheckSymbolExists.c.o   -c /home/smallville7123/AndroidCompositor/app/src/main/jni/GLIS/debug_BUILD/CMakeFiles/CMakeTmp/CheckSymbolExists.c
Linking C executable cmTC_f8d7b
/usr/bin/cmake -E cmake_link_script CMakeFiles/cmTC_f8d7b.dir/link.txt --verbose=1
/usr/bin/cc      -rdynamic CMakeFiles/cmTC_f8d7b.dir/CheckSymbolExists.c.o  -o cmTC_f8d7b  -latomic -lm -ldl 
make[3]: Leaving directory '/home/smallville7123/AndroidCompositor/app/src/main/jni/GLIS/debug_BUILD/CMakeFiles/CMakeTmp'
make[2]: Leaving directory '/home/smallville7123/AndroidCompositor/app/src/main/jni/GLIS/debug_BUILD/CMakeFiles/CMakeTmp'


File /home/smallville7123/AndroidCompositor/app/src/main/jni/GLIS/debug_BUILD/CMakeFiles/CMakeTmp/CheckSymbolExists.c:
/* */
#include <stdlib.h>

int main(int argc, char** argv)
{
  (void)argv;
#ifndef posix_memalign
  return ((int*)(&posix_memalign))[argc];
#else
  (void)argc;
  return 0;
#endif
}
Determining if the include file pthread.h exists passed with the following output:
Change Dir: /home/smallville7123/AndroidCompositor/app/src/main/jni/GLIS/debug_BUILD/CMakeFiles/CMakeTmp

Run Build Command(s):/usr/bin/make cmTC_5b0f0/fast && make[2]: Entering directory '/home/smallville7123/AndroidCompositor/app/src/main/jni/GLIS/debug_BUILD/CMakeFiles/CMakeTmp'
/usr/bin/make -f CMakeFiles/cmTC_5b0f0.dir/build.make CMakeFiles/cmTC_5b0f0.dir/build
make[3]: Entering directory '/home/smallville7123/AndroidCompositor/app/src/main/jni/GLIS/debug_BUILD/CMakeFiles/CMakeTmp'
Building C object CMakeFiles/cmTC_5b0f0.dir/CheckIncludeFile.c.o
/usr/bin/cc    -o CMakeFiles/cmTC_5b0f0.dir/CheckIncludeFile.c.o   -c /home/smallville7123/AndroidCompositor/app/src/main/jni/GLIS/debug_BUILD/CMakeFiles/CMakeTmp/CheckIncludeFile.c
Linking C executable cmTC_5b0f0
/usr/bin/cmake -E cmake_link_script CMakeFiles/cmTC_5b0f0.dir/link.txt --verbose=1
/usr/bin/cc      -rdynamic CMakeFiles/cmTC_5b0f0.dir/CheckIncludeFile.c.o  -o cmTC_5b0f0  -latomic -lm -ldl 
make[3]: Leaving directory '/home/smallville7123/AndroidCompositor/app/src/main/jni/GLIS/debug_BUILD/CMakeFiles/CMakeTmp'
make[2]: Leaving directory '/home/smallville7123/AndroidCompositor/app/src/main/jni/GLIS/debug_BUILD/CMakeFiles/CMakeTmp'



Performing C SOURCE FILE Test HAVE_PTHREAD succeeded with the following output:
Change Dir: /home/smallville7123/AndroidCompositor/app/src/main/jni/GLIS/debug_BUILD/CMakeFiles/CMakeTmp

Run Build Command(s):/usr/bin/make cmTC_cb869/fast && make[2]: Entering directory '/home/smallville7123/AndroidCompositor/app/src/main/jni/GLIS/debug_BUILD/CMakeFiles/CMakeTmp'
/usr/bin/make -f CMakeFiles/cmTC_cb869.dir/build.make CMakeFiles/cmTC_cb869.dir/build
make[3]: Entering directory '/home/smallville7123/AndroidCompositor/app/src/main/jni/GLIS/debug_BUILD/CMakeFiles/CMakeTmp'
Building C object CMakeFiles/cmTC_cb869.dir/src.c.o
/usr/bin/cc   -DHAVE_PTHREAD   -pthread -o CMakeFiles/cmTC_cb869.dir/src.c.o   -c /home/smallville7123/AndroidCompositor/app/src/main/jni/GLIS/debug_BUILD/CMakeFiles/CMakeTmp/src.c
Linking C executable cmTC_cb869
/usr/bin/cmake -E cmake_link_script CMakeFiles/cmTC_cb869.dir/link.txt --verbose=1
/usr/bin/cc  -DHAVE_PTHREAD    -rdynamic CMakeFiles/cmTC_cb869.dir/src.c.o  -o cmTC_cb869  -latomic -lm -ldl 
make[3]: Leaving directory '/home/smallville7123/AndroidCompositor/app/src/main/jni/GLIS/debug_BUILD/CMakeFiles/CMakeTmp'
make[2]: Leaving directory '/home/smallville7123/AndroidCompositor/app/src/main/jni/GLIS/debug_BUILD/CMakeFiles/CMakeTmp'


Source file was:
int main(void) { return 0; }
Determining if the pthread_setschedparam exist passed with the following output:
Change Dir: /home/smallville7123/AndroidCompositor/app/src/main/jni/GLIS/debug_BUILD/CMakeFiles/CMakeTmp

Run Build Command(s):/usr/bin/make cmTC_7cf0e/fast && make[2]: Entering directory '/home/smallville7123/AndroidCompositor/app/src/main/jni/GLIS/debug_BUILD/CMakeFiles/CMakeTmp'
/usr/bin/make -f CMakeFiles/cmTC_7cf0e.dir/build.make CMakeFiles/cmTC_7cf0e.dir/build
make[3]: Entering directory '/home/smallville7123/AndroidCompositor/app/src/main/jni/GLIS/debug_BUILD/CMakeFiles/CMakeTmp'
Building C object CMakeFiles/cmTC_7cf0e.dir/CheckSymbolExists.c.o
/usr/bin/cc   -pthread   -o CMakeFiles/cmTC_7cf0e.dir/CheckSymbolExists.c.o   -c /home/smallville7123/AndroidCompositor/app/src/main/jni/GLIS/debug_BUILD/CMakeFiles/CMakeTmp/CheckSymbolExists.c
Linking C executable cmTC_7cf0e
/usr/bin/cmake -E cmake_link_script CMakeFiles/cmTC_7cf0e.dir/link.txt --verbose=1
/usr/bin/cc   -pthread    -rdynamic CMakeFiles/cmTC_7cf0e.dir/CheckSymbolExists.c.o  -o cmTC_7cf0e  -latomic -lm -ldl 
make[3]: Leaving directory '/home/smallville7123/AndroidCompositor/app/src/main/jni/GLIS/debug_BUILD/CMakeFiles/CMakeTmp'
make[2]: Leaving directory '/home/smallville7123/AndroidCompositor/app/src/main/jni/GLIS/debug_BUILD/CMakeFiles/CMakeTmp'


File /home/smallville7123/AndroidCompositor/app/src/main/jni/GLIS/debug_BUILD/CMakeFiles/CMakeTmp/CheckSymbolExists.c:
/* */
#include <pthread.h>

int main(int argc, char** argv)
{
  (void)argv;
#ifndef pthread_setschedparam
  return ((int*)(&pthread_setschedparam))[argc];
#else
  (void)argc;
  return 0;
#endif
}
Determining if the getopt exist passed with the following output:
Change Dir: /home/smallville7123/AndroidCompositor/app/src/main/jni/GLIS/debug_BUILD/CMakeFiles/CMakeTmp

Run Build Command(s):/usr/bin/make cmTC_7a4e3/fast && make[2]: Entering directory '/home/smallville7123/AndroidCompositor/app/src/main/jni/GLIS/debug_BUILD/CMakeFiles/CMakeTmp'
/usr/bin/make -f CMakeFiles/cmTC_7a4e3.dir/build.make CMakeFiles/cmTC_7a4e3.dir/build
make[3]: Entering directory '/home/smallville7123/AndroidCompositor/app/src/main/jni/GLIS/debug_BUILD/CMakeFiles/CMakeTmp'
Building C object CMakeFiles/cmTC_7a4e3.dir/CheckSymbolExists.c.o
/usr/bin/cc   -pthread   -o CMakeFiles/cmTC_7a4e3.dir/CheckSymbolExists.c.o   -c /home/smallville7123/AndroidCompositor/app/src/main/jni/GLIS/debug_BUILD/CMakeFiles/CMakeTmp/CheckSymbolExists.c
Linking C executable cmTC_7a4e3
/usr/bin/cmake -E cmake_link_script CMakeFiles/cmTC_7a4e3.dir/link.txt --verbose=1
/usr/bin/cc   -pthread    -rdynamic CMakeFiles/cmTC_7a4e3.dir/CheckSymbolExists.c.o  -o cmTC_7a4e3  -latomic -lm -ldl 
make[3]: Leaving directory '/home/smallville7123/AndroidCompositor/app/src/main/jni/GLIS/debug_BUILD/CMakeFiles/CMakeTmp'
make[2]: Leaving directory '/home/smallville7123/AndroidCompositor/app/src/main/jni/GLIS/debug_BUILD/CMakeFiles/CMakeTmp'


File /home/smallville7123/AndroidCompositor/app/src/main/jni/GLIS/debug_BUILD/CMakeFiles/CMakeTmp/CheckSymbolExists.c:
/* */
#include <unistd.h>

int main(int argc, char** argv)
{
  (void)argv;
#ifndef getopt
  return ((int*)(&getopt))[argc];
#else
  (void)argc;
  return 0;
#endif
}
